manager.py:22 — CommandManager - init - MainThread - __init__() — ERROR — Directory does not exist
manager.py:33 — CommandManager - init - MainThread - run() — ERROR — Error Occured
manager.py:33 — CommandManager - init - MainThread - run() — ERROR — Error Occured
manager.py:20 — CommandManager - init - MainThread - __init__() — INFO — CommandManager created with path=/Users/user/Documents/School/2018-2019/Fall/SeniorDesign/Development/lost-in-space-and-time/lispat_app/lispat/assets
document_factory.py:17 — DocumentFactory - MainThread - __init__() — INFO — DocumentFactory Created
argument_factory.py:21 — ArgumentFactory - init - MainThread - __init__() — INFO — ArgumentFactory Created
document_factory.py:36 — DocumentFactory - MainThread - __init__() — DEBUG — File - o2900-1_1.pdf in /Users/user/Documents/School/2018-2019/Fall/SeniorDesign/Development/lost-in-space-and-time/lispat_app/lispat/assets
document_factory.py:36 — DocumentFactory - MainThread - __init__() — DEBUG — File - C.2_TIR80001-2-3- Part 2-3.pdf in /Users/user/Documents/School/2018-2019/Fall/SeniorDesign/Development/lost-in-space-and-time/lispat_app/lispat/assets
document_factory.py:36 — DocumentFactory - MainThread - __init__() — DEBUG — File - ISO 27002 Security Techniques - Code of Practice for Information Security Management (2005).pdf in /Users/user/Documents/School/2018-2019/Fall/SeniorDesign/Development/lost-in-space-and-time/lispat_app/lispat/assets
document_factory.py:36 — DocumentFactory - MainThread - __init__() — DEBUG — File - C.2_TIR80001-2-4- Part 2-4.pdf in /Users/user/Documents/School/2018-2019/Fall/SeniorDesign/Development/lost-in-space-and-time/lispat_app/lispat/assets
document_factory.py:41 — DocumentFactory - MainThread - __init__() — ERROR — No elgible files in /Users/user/Documents/School/2018-2019/Fall/SeniorDesign/Development/lost-in-space-and-time/lispat_app/lispat/assets
document_factory.py:41 — DocumentFactory - MainThread - __init__() — ERROR — No elgible files in /Users/user/Documents/School/2018-2019/Fall/SeniorDesign/Development/lost-in-space-and-time/lispat_app/lispat/assets
document_factory.py:36 — DocumentFactory - MainThread - __init__() — DEBUG — File - ISO 15225-2010 Medical Device Nomenclature Data Structure.pdf in /Users/user/Documents/School/2018-2019/Fall/SeniorDesign/Development/lost-in-space-and-time/lispat_app/lispat/assets
document_factory.py:36 — DocumentFactory - MainThread - __init__() — DEBUG — File - C.2_TIR80001-2-7- Part 2-7.pdf in /Users/user/Documents/School/2018-2019/Fall/SeniorDesign/Development/lost-in-space-and-time/lispat_app/lispat/assets
document_factory.py:36 — DocumentFactory - MainThread - __init__() — DEBUG — File - IEC 62304 Medical Device Software - Software Life Cycle Processes (2015).pdf in /Users/user/Documents/School/2018-2019/Fall/SeniorDesign/Development/lost-in-space-and-time/lispat_app/lispat/assets
document_factory.py:41 — DocumentFactory - MainThread - __init__() — ERROR — No elgible files in /Users/user/Documents/School/2018-2019/Fall/SeniorDesign/Development/lost-in-space-and-time/lispat_app/lispat/assets
document_factory.py:36 — DocumentFactory - MainThread - __init__() — DEBUG — File - A.7_NIST 800-37 Guide for Applying the Risk Management Framework to Federal Information Systems.pdf in /Users/user/Documents/School/2018-2019/Fall/SeniorDesign/Development/lost-in-space-and-time/lispat_app/lispat/assets
document_factory.py:36 — DocumentFactory - MainThread - __init__() — DEBUG — File - FDA Content of Premarket Submissions for Management of Cybersecurity in Medical Devices (2014).pdf in /Users/user/Documents/School/2018-2019/Fall/SeniorDesign/Development/lost-in-space-and-time/lispat_app/lispat/assets
document_factory.py:36 — DocumentFactory - MainThread - __init__() — DEBUG — File - BSI 27799 Informattion security management in health using ISO-IEC 27002 (2008).pdf in /Users/user/Documents/School/2018-2019/Fall/SeniorDesign/Development/lost-in-space-and-time/lispat_app/lispat/assets
document_factory.py:36 — DocumentFactory - MainThread - __init__() — DEBUG — File - A.8_NIST 800-61r2 Computer Security Incident Handling Guide (2012).pdf in /Users/user/Documents/School/2018-2019/Fall/SeniorDesign/Development/lost-in-space-and-time/lispat_app/lispat/assets
document_factory.py:36 — DocumentFactory - MainThread - __init__() — DEBUG — File - C.2_TIR80001-1-Application of Risk Management for IT Networks Incorporating Medical Devices - Part 1.pdf in /Users/user/Documents/School/2018-2019/Fall/SeniorDesign/Development/lost-in-space-and-time/lispat_app/lispat/assets
document_factory.py:36 — DocumentFactory - MainThread - __init__() — DEBUG — File - IEC TR 80002-1 Guidance on the application of ISO 14971 to medical device software (2009).pdf in /Users/user/Documents/School/2018-2019/Fall/SeniorDesign/Development/lost-in-space-and-time/lispat_app/lispat/assets
document_factory.py:41 — DocumentFactory - MainThread - __init__() — ERROR — No elgible files in /Users/user/Documents/School/2018-2019/Fall/SeniorDesign/Development/lost-in-space-and-time/lispat_app/lispat/assets
document_factory.py:36 — DocumentFactory - MainThread - __init__() — DEBUG — File - BSI 60601-1 (2006-2010).pdf in /Users/user/Documents/School/2018-2019/Fall/SeniorDesign/Development/lost-in-space-and-time/lispat_app/lispat/assets
document_factory.py:36 — DocumentFactory - MainThread - __init__() — DEBUG — File - FDA Postmarket_Management_of_Cybersecurity_in_Medical_Devices_Guidance.pdf in /Users/user/Documents/School/2018-2019/Fall/SeniorDesign/Development/lost-in-space-and-time/lispat_app/lispat/assets
document_factory.py:36 — DocumentFactory - MainThread - __init__() — DEBUG — File - TIR57 - 2016 Principles for Medical Device Security - Risk Management.pdf in /Users/user/Documents/School/2018-2019/Fall/SeniorDesign/Development/lost-in-space-and-time/lispat_app/lispat/assets
document_factory.py:36 — DocumentFactory - MainThread - __init__() — DEBUG — File - ISO 15288 Systems and SW engineering - System life cycle processes (2015).pdf in /Users/user/Documents/School/2018-2019/Fall/SeniorDesign/Development/lost-in-space-and-time/lispat_app/lispat/assets
document_factory.py:36 — DocumentFactory - MainThread - __init__() — DEBUG — File - K061248 - Example Regulatory Filing (510k).pdf in /Users/user/Documents/School/2018-2019/Fall/SeniorDesign/Development/lost-in-space-and-time/lispat_app/lispat/assets
document_factory.py:36 — DocumentFactory - MainThread - __init__() — DEBUG — File - BSI 14971 Application of risk management to medical devices (2012).pdf in /Users/user/Documents/School/2018-2019/Fall/SeniorDesign/Development/lost-in-space-and-time/lispat_app/lispat/assets
document_factory.py:36 — DocumentFactory - MainThread - __init__() — DEBUG — File - C.2_TIR80001-2-1- Part 2-1.pdf in /Users/user/Documents/School/2018-2019/Fall/SeniorDesign/Development/lost-in-space-and-time/lispat_app/lispat/assets
document_factory.py:36 — DocumentFactory - MainThread - __init__() — DEBUG — File - AAMI CDV-1 TIR97.pdf in /Users/user/Documents/School/2018-2019/Fall/SeniorDesign/Development/lost-in-space-and-time/lispat_app/lispat/assets
document_factory.py:36 — DocumentFactory - MainThread - __init__() — DEBUG — File - A.6_NIST 800-53 Security and Privacy Controls for Federal Information Systems and Organizations.pdf in /Users/user/Documents/School/2018-2019/Fall/SeniorDesign/Development/lost-in-space-and-time/lispat_app/lispat/assets
document_factory.py:41 — DocumentFactory - MainThread - __init__() — ERROR — No elgible files in /Users/user/Documents/School/2018-2019/Fall/SeniorDesign/Development/lost-in-space-and-time/lispat_app/lispat/assets
document_factory.py:36 — DocumentFactory - MainThread - __init__() — DEBUG — File - C.2_TIR80001-2-6- Part 2-6.pdf in /Users/user/Documents/School/2018-2019/Fall/SeniorDesign/Development/lost-in-space-and-time/lispat_app/lispat/assets
document_factory.py:36 — DocumentFactory - MainThread - __init__() — DEBUG — File - A.5_NIST 800-30 Guide for Conducting Risk Assessments.pdf in /Users/user/Documents/School/2018-2019/Fall/SeniorDesign/Development/lost-in-space-and-time/lispat_app/lispat/assets
document_factory.py:36 — DocumentFactory - MainThread - __init__() — DEBUG — File - IEC 62304 - 2006 Medical Device Software - Software Life Cycle Processes.pdf in /Users/user/Documents/School/2018-2019/Fall/SeniorDesign/Development/lost-in-space-and-time/lispat_app/lispat/assets
document_factory.py:36 — DocumentFactory - MainThread - __init__() — DEBUG — File - C.2_TIR80001-2-2- Part 2-2.pdf in /Users/user/Documents/School/2018-2019/Fall/SeniorDesign/Development/lost-in-space-and-time/lispat_app/lispat/assets
document_factory.py:36 — DocumentFactory - MainThread - __init__() — DEBUG — File - EU GDPR 2016.5.4.pdf in /Users/user/Documents/School/2018-2019/Fall/SeniorDesign/Development/lost-in-space-and-time/lispat_app/lispat/assets
document_factory.py:36 — DocumentFactory - MainThread - __init__() — DEBUG — File - ISO - IEC 29147 Information Technology - Seucrity Techniques - Vulnerabilty Disclosure (2014).pdf in /Users/user/Documents/School/2018-2019/Fall/SeniorDesign/Development/lost-in-space-and-time/lispat_app/lispat/assets
document_factory.py:36 — DocumentFactory - MainThread - __init__() — DEBUG — File - HITRUST_CSF_v9.1.pdf in /Users/user/Documents/School/2018-2019/Fall/SeniorDesign/Development/lost-in-space-and-time/lispat_app/lispat/assets
document_factory.py:36 — DocumentFactory - MainThread - __init__() — DEBUG — File - FDA Guidance Cybersecurity for Networked Devices Containing OTS SW (2005).pdf in /Users/user/Documents/School/2018-2019/Fall/SeniorDesign/Development/lost-in-space-and-time/lispat_app/lispat/assets
document_factory.py:36 — DocumentFactory - MainThread - __init__() — DEBUG — File - Postmarket_Management_of_Cybersecurity_in_Medical_Devices_Guidance_for_Industry_and_Food_and_Drug_Administration_Staff.pdf in /Users/user/Documents/School/2018-2019/Fall/SeniorDesign/Development/lost-in-space-and-time/lispat_app/lispat/assets
document_factory.py:41 — DocumentFactory - MainThread - __init__() — ERROR — No elgible files in /Users/user/Documents/School/2018-2019/Fall/SeniorDesign/Development/lost-in-space-and-time/lispat_app/lispat/assets
document_factory.py:36 — DocumentFactory - MainThread - __init__() — DEBUG — File - C.2_TIR80001-2-5- Part 2-5.pdf in /Users/user/Documents/School/2018-2019/Fall/SeniorDesign/Development/lost-in-space-and-time/lispat_app/lispat/assets
document_factory.py:36 — DocumentFactory - MainThread - __init__() — DEBUG — File - C.6_ISO 27002 Security Techniques - Code of Practice for Information Security Management (2005).pdf in /Users/user/Documents/School/2018-2019/Fall/SeniorDesign/Development/lost-in-space-and-time/lispat_app/lispat/assets
document_factory.py:36 — DocumentFactory - MainThread - __init__() — DEBUG — File - NISTIR 7298 Glossary of Key Information Security Terms Rev 3 (9-2018) (Draft).pdf in /Users/user/Documents/School/2018-2019/Fall/SeniorDesign/Development/lost-in-space-and-time/lispat_app/lispat/assets
document_factory.py:43 — DocumentFactory - MainThread - __init__() — DEBUG — Trying to turn files into txt
argument_factory.py:85 — ArgumentFactory - MainThread - docx_handler() — INFO — ArgumentFactory - docx
argument_factory.py:35 — ArgumentFactory - MainThread - pdfminer_handler() — INFO — ArgumentFactory - PDFMiner
argument_factory.py:35 — ArgumentFactory - MainThread - pdfminer_handler() — INFO — ArgumentFactory - PDFMiner
argument_factory.py:49 — ArgumentFactory - MainThread - pdfminer_handler() — DEBUG — Opening File: /Users/user/Documents/School/2018-2019/Fall/SeniorDesign/Development/lost-in-space-and-time/lispat_app/lispat/assets/o2900-1_1.pdf
argument_factory.py:49 — ArgumentFactory - MainThread - pdfminer_handler() — DEBUG — Opening File: /Users/user/Documents/School/2018-2019/Fall/SeniorDesign/Development/lost-in-space-and-time/lispat_app/lispat/assets/o2900-1_1.pdf
argument_factory.py:52 — ArgumentFactory - MainThread - pdfminer_handler() — DEBUG — Opening File Successful
argument_factory.py:52 — ArgumentFactory - MainThread - pdfminer_handler() — DEBUG — Opening File Successful
argument_factory.py:73 — ArgumentFactory - MainThread - pdfminer_handler() — ERROR — File Failed to Open
argument_factory.py:73 — ArgumentFactory - MainThread - pdfminer_handler() — ERROR — File Failed to Open
argument_factory.py:49 — ArgumentFactory - MainThread - pdfminer_handler() — DEBUG — Opening File: /Users/user/Documents/School/2018-2019/Fall/SeniorDesign/Development/lost-in-space-and-time/lispat_app/lispat/assets/C.2_TIR80001-2-3- Part 2-3.pdf
argument_factory.py:49 — ArgumentFactory - MainThread - pdfminer_handler() — DEBUG — Opening File: /Users/user/Documents/School/2018-2019/Fall/SeniorDesign/Development/lost-in-space-and-time/lispat_app/lispat/assets/C.2_TIR80001-2-3- Part 2-3.pdf
argument_factory.py:52 — ArgumentFactory - MainThread - pdfminer_handler() — DEBUG — Opening File Successful
argument_factory.py:52 — ArgumentFactory - MainThread - pdfminer_handler() — DEBUG — Opening File Successful
manager.py:20 — CommandManager - init - MainThread - __init__() — INFO — CommandManager created with path=/Users/user/Documents/School/2018-2019/Fall/SeniorDesign/Development/lost-in-space-and-time/lispat_app/lispat/assets
document_factory.py:17 — DocumentFactory - MainThread - __init__() — INFO — DocumentFactory Created
argument_factory.py:21 — ArgumentFactory - init - MainThread - __init__() — INFO — ArgumentFactory Created
document_factory.py:36 — DocumentFactory - MainThread - __init__() — DEBUG — File - o2900-1_1.pdf in /Users/user/Documents/School/2018-2019/Fall/SeniorDesign/Development/lost-in-space-and-time/lispat_app/lispat/assets
document_factory.py:36 — DocumentFactory - MainThread - __init__() — DEBUG — File - C.2_TIR80001-2-3- Part 2-3.pdf in /Users/user/Documents/School/2018-2019/Fall/SeniorDesign/Development/lost-in-space-and-time/lispat_app/lispat/assets
document_factory.py:36 — DocumentFactory - MainThread - __init__() — DEBUG — File - ISO 27002 Security Techniques - Code of Practice for Information Security Management (2005).pdf in /Users/user/Documents/School/2018-2019/Fall/SeniorDesign/Development/lost-in-space-and-time/lispat_app/lispat/assets
document_factory.py:36 — DocumentFactory - MainThread - __init__() — DEBUG — File - C.2_TIR80001-2-4- Part 2-4.pdf in /Users/user/Documents/School/2018-2019/Fall/SeniorDesign/Development/lost-in-space-and-time/lispat_app/lispat/assets
document_factory.py:41 — DocumentFactory - MainThread - __init__() — ERROR — No elgible files in /Users/user/Documents/School/2018-2019/Fall/SeniorDesign/Development/lost-in-space-and-time/lispat_app/lispat/assets
document_factory.py:41 — DocumentFactory - MainThread - __init__() — ERROR — No elgible files in /Users/user/Documents/School/2018-2019/Fall/SeniorDesign/Development/lost-in-space-and-time/lispat_app/lispat/assets
document_factory.py:36 — DocumentFactory - MainThread - __init__() — DEBUG — File - ISO 15225-2010 Medical Device Nomenclature Data Structure.pdf in /Users/user/Documents/School/2018-2019/Fall/SeniorDesign/Development/lost-in-space-and-time/lispat_app/lispat/assets
document_factory.py:36 — DocumentFactory - MainThread - __init__() — DEBUG — File - C.2_TIR80001-2-7- Part 2-7.pdf in /Users/user/Documents/School/2018-2019/Fall/SeniorDesign/Development/lost-in-space-and-time/lispat_app/lispat/assets
document_factory.py:36 — DocumentFactory - MainThread - __init__() — DEBUG — File - IEC 62304 Medical Device Software - Software Life Cycle Processes (2015).pdf in /Users/user/Documents/School/2018-2019/Fall/SeniorDesign/Development/lost-in-space-and-time/lispat_app/lispat/assets
document_factory.py:41 — DocumentFactory - MainThread - __init__() — ERROR — No elgible files in /Users/user/Documents/School/2018-2019/Fall/SeniorDesign/Development/lost-in-space-and-time/lispat_app/lispat/assets
document_factory.py:36 — DocumentFactory - MainThread - __init__() — DEBUG — File - A.7_NIST 800-37 Guide for Applying the Risk Management Framework to Federal Information Systems.pdf in /Users/user/Documents/School/2018-2019/Fall/SeniorDesign/Development/lost-in-space-and-time/lispat_app/lispat/assets
document_factory.py:36 — DocumentFactory - MainThread - __init__() — DEBUG — File - FDA Content of Premarket Submissions for Management of Cybersecurity in Medical Devices (2014).pdf in /Users/user/Documents/School/2018-2019/Fall/SeniorDesign/Development/lost-in-space-and-time/lispat_app/lispat/assets
document_factory.py:36 — DocumentFactory - MainThread - __init__() — DEBUG — File - BSI 27799 Informattion security management in health using ISO-IEC 27002 (2008).pdf in /Users/user/Documents/School/2018-2019/Fall/SeniorDesign/Development/lost-in-space-and-time/lispat_app/lispat/assets
document_factory.py:36 — DocumentFactory - MainThread - __init__() — DEBUG — File - A.8_NIST 800-61r2 Computer Security Incident Handling Guide (2012).pdf in /Users/user/Documents/School/2018-2019/Fall/SeniorDesign/Development/lost-in-space-and-time/lispat_app/lispat/assets
document_factory.py:36 — DocumentFactory - MainThread - __init__() — DEBUG — File - C.2_TIR80001-1-Application of Risk Management for IT Networks Incorporating Medical Devices - Part 1.pdf in /Users/user/Documents/School/2018-2019/Fall/SeniorDesign/Development/lost-in-space-and-time/lispat_app/lispat/assets
document_factory.py:36 — DocumentFactory - MainThread - __init__() — DEBUG — File - IEC TR 80002-1 Guidance on the application of ISO 14971 to medical device software (2009).pdf in /Users/user/Documents/School/2018-2019/Fall/SeniorDesign/Development/lost-in-space-and-time/lispat_app/lispat/assets
document_factory.py:41 — DocumentFactory - MainThread - __init__() — ERROR — No elgible files in /Users/user/Documents/School/2018-2019/Fall/SeniorDesign/Development/lost-in-space-and-time/lispat_app/lispat/assets
document_factory.py:36 — DocumentFactory - MainThread - __init__() — DEBUG — File - BSI 60601-1 (2006-2010).pdf in /Users/user/Documents/School/2018-2019/Fall/SeniorDesign/Development/lost-in-space-and-time/lispat_app/lispat/assets
document_factory.py:36 — DocumentFactory - MainThread - __init__() — DEBUG — File - FDA Postmarket_Management_of_Cybersecurity_in_Medical_Devices_Guidance.pdf in /Users/user/Documents/School/2018-2019/Fall/SeniorDesign/Development/lost-in-space-and-time/lispat_app/lispat/assets
document_factory.py:36 — DocumentFactory - MainThread - __init__() — DEBUG — File - TIR57 - 2016 Principles for Medical Device Security - Risk Management.pdf in /Users/user/Documents/School/2018-2019/Fall/SeniorDesign/Development/lost-in-space-and-time/lispat_app/lispat/assets
document_factory.py:36 — DocumentFactory - MainThread - __init__() — DEBUG — File - ISO 15288 Systems and SW engineering - System life cycle processes (2015).pdf in /Users/user/Documents/School/2018-2019/Fall/SeniorDesign/Development/lost-in-space-and-time/lispat_app/lispat/assets
document_factory.py:36 — DocumentFactory - MainThread - __init__() — DEBUG — File - K061248 - Example Regulatory Filing (510k).pdf in /Users/user/Documents/School/2018-2019/Fall/SeniorDesign/Development/lost-in-space-and-time/lispat_app/lispat/assets
document_factory.py:36 — DocumentFactory - MainThread - __init__() — DEBUG — File - BSI 14971 Application of risk management to medical devices (2012).pdf in /Users/user/Documents/School/2018-2019/Fall/SeniorDesign/Development/lost-in-space-and-time/lispat_app/lispat/assets
document_factory.py:36 — DocumentFactory - MainThread - __init__() — DEBUG — File - C.2_TIR80001-2-1- Part 2-1.pdf in /Users/user/Documents/School/2018-2019/Fall/SeniorDesign/Development/lost-in-space-and-time/lispat_app/lispat/assets
document_factory.py:36 — DocumentFactory - MainThread - __init__() — DEBUG — File - AAMI CDV-1 TIR97.pdf in /Users/user/Documents/School/2018-2019/Fall/SeniorDesign/Development/lost-in-space-and-time/lispat_app/lispat/assets
document_factory.py:36 — DocumentFactory - MainThread - __init__() — DEBUG — File - A.6_NIST 800-53 Security and Privacy Controls for Federal Information Systems and Organizations.pdf in /Users/user/Documents/School/2018-2019/Fall/SeniorDesign/Development/lost-in-space-and-time/lispat_app/lispat/assets
document_factory.py:41 — DocumentFactory - MainThread - __init__() — ERROR — No elgible files in /Users/user/Documents/School/2018-2019/Fall/SeniorDesign/Development/lost-in-space-and-time/lispat_app/lispat/assets
document_factory.py:36 — DocumentFactory - MainThread - __init__() — DEBUG — File - C.2_TIR80001-2-6- Part 2-6.pdf in /Users/user/Documents/School/2018-2019/Fall/SeniorDesign/Development/lost-in-space-and-time/lispat_app/lispat/assets
document_factory.py:36 — DocumentFactory - MainThread - __init__() — DEBUG — File - A.5_NIST 800-30 Guide for Conducting Risk Assessments.pdf in /Users/user/Documents/School/2018-2019/Fall/SeniorDesign/Development/lost-in-space-and-time/lispat_app/lispat/assets
document_factory.py:36 — DocumentFactory - MainThread - __init__() — DEBUG — File - IEC 62304 - 2006 Medical Device Software - Software Life Cycle Processes.pdf in /Users/user/Documents/School/2018-2019/Fall/SeniorDesign/Development/lost-in-space-and-time/lispat_app/lispat/assets
document_factory.py:36 — DocumentFactory - MainThread - __init__() — DEBUG — File - C.2_TIR80001-2-2- Part 2-2.pdf in /Users/user/Documents/School/2018-2019/Fall/SeniorDesign/Development/lost-in-space-and-time/lispat_app/lispat/assets
document_factory.py:36 — DocumentFactory - MainThread - __init__() — DEBUG — File - EU GDPR 2016.5.4.pdf in /Users/user/Documents/School/2018-2019/Fall/SeniorDesign/Development/lost-in-space-and-time/lispat_app/lispat/assets
document_factory.py:36 — DocumentFactory - MainThread - __init__() — DEBUG — File - ISO - IEC 29147 Information Technology - Seucrity Techniques - Vulnerabilty Disclosure (2014).pdf in /Users/user/Documents/School/2018-2019/Fall/SeniorDesign/Development/lost-in-space-and-time/lispat_app/lispat/assets
document_factory.py:36 — DocumentFactory - MainThread - __init__() — DEBUG — File - HITRUST_CSF_v9.1.pdf in /Users/user/Documents/School/2018-2019/Fall/SeniorDesign/Development/lost-in-space-and-time/lispat_app/lispat/assets
document_factory.py:36 — DocumentFactory - MainThread - __init__() — DEBUG — File - FDA Guidance Cybersecurity for Networked Devices Containing OTS SW (2005).pdf in /Users/user/Documents/School/2018-2019/Fall/SeniorDesign/Development/lost-in-space-and-time/lispat_app/lispat/assets
document_factory.py:36 — DocumentFactory - MainThread - __init__() — DEBUG — File - Postmarket_Management_of_Cybersecurity_in_Medical_Devices_Guidance_for_Industry_and_Food_and_Drug_Administration_Staff.pdf in /Users/user/Documents/School/2018-2019/Fall/SeniorDesign/Development/lost-in-space-and-time/lispat_app/lispat/assets
document_factory.py:41 — DocumentFactory - MainThread - __init__() — ERROR — No elgible files in /Users/user/Documents/School/2018-2019/Fall/SeniorDesign/Development/lost-in-space-and-time/lispat_app/lispat/assets
document_factory.py:36 — DocumentFactory - MainThread - __init__() — DEBUG — File - C.2_TIR80001-2-5- Part 2-5.pdf in /Users/user/Documents/School/2018-2019/Fall/SeniorDesign/Development/lost-in-space-and-time/lispat_app/lispat/assets
document_factory.py:36 — DocumentFactory - MainThread - __init__() — DEBUG — File - C.6_ISO 27002 Security Techniques - Code of Practice for Information Security Management (2005).pdf in /Users/user/Documents/School/2018-2019/Fall/SeniorDesign/Development/lost-in-space-and-time/lispat_app/lispat/assets
document_factory.py:36 — DocumentFactory - MainThread - __init__() — DEBUG — File - NISTIR 7298 Glossary of Key Information Security Terms Rev 3 (9-2018) (Draft).pdf in /Users/user/Documents/School/2018-2019/Fall/SeniorDesign/Development/lost-in-space-and-time/lispat_app/lispat/assets
document_factory.py:43 — DocumentFactory - MainThread - __init__() — DEBUG — Trying to turn files into txt
argument_factory.py:85 — ArgumentFactory - MainThread - docx_handler() — INFO — ArgumentFactory - docx
argument_factory.py:35 — ArgumentFactory - MainThread - pdfminer_handler() — INFO — ArgumentFactory - PDFMiner
argument_factory.py:35 — ArgumentFactory - MainThread - pdfminer_handler() — INFO — ArgumentFactory - PDFMiner
argument_factory.py:49 — ArgumentFactory - MainThread - pdfminer_handler() — DEBUG — Opening File: /Users/user/Documents/School/2018-2019/Fall/SeniorDesign/Development/lost-in-space-and-time/lispat_app/lispat/assets/o2900-1_1.pdf
argument_factory.py:49 — ArgumentFactory - MainThread - pdfminer_handler() — DEBUG — Opening File: /Users/user/Documents/School/2018-2019/Fall/SeniorDesign/Development/lost-in-space-and-time/lispat_app/lispat/assets/o2900-1_1.pdf
argument_factory.py:52 — ArgumentFactory - MainThread - pdfminer_handler() — DEBUG — Opening File Successful
argument_factory.py:52 — ArgumentFactory - MainThread - pdfminer_handler() — DEBUG — Opening File Successful
argument_factory.py:73 — ArgumentFactory - MainThread - pdfminer_handler() — ERROR — File Failed to Open
argument_factory.py:73 — ArgumentFactory - MainThread - pdfminer_handler() — ERROR — File Failed to Open
argument_factory.py:49 — ArgumentFactory - MainThread - pdfminer_handler() — DEBUG — Opening File: /Users/user/Documents/School/2018-2019/Fall/SeniorDesign/Development/lost-in-space-and-time/lispat_app/lispat/assets/C.2_TIR80001-2-3- Part 2-3.pdf
argument_factory.py:49 — ArgumentFactory - MainThread - pdfminer_handler() — DEBUG — Opening File: /Users/user/Documents/School/2018-2019/Fall/SeniorDesign/Development/lost-in-space-and-time/lispat_app/lispat/assets/C.2_TIR80001-2-3- Part 2-3.pdf
argument_factory.py:52 — ArgumentFactory - MainThread - pdfminer_handler() — DEBUG — Opening File Successful
argument_factory.py:52 — ArgumentFactory - MainThread - pdfminer_handler() — DEBUG — Opening File Successful
argument_factory.py:73 — ArgumentFactory - MainThread - pdfminer_handler() — ERROR — File Failed to Open
argument_factory.py:73 — ArgumentFactory - MainThread - pdfminer_handler() — ERROR — File Failed to Open
argument_factory.py:49 — ArgumentFactory - MainThread - pdfminer_handler() — DEBUG — Opening File: /Users/user/Documents/School/2018-2019/Fall/SeniorDesign/Development/lost-in-space-and-time/lispat_app/lispat/assets/ISO 27002 Security Techniques - Code of Practice for Information Security Management (2005).pdf
argument_factory.py:49 — ArgumentFactory - MainThread - pdfminer_handler() — DEBUG — Opening File: /Users/user/Documents/School/2018-2019/Fall/SeniorDesign/Development/lost-in-space-and-time/lispat_app/lispat/assets/ISO 27002 Security Techniques - Code of Practice for Information Security Management (2005).pdf
argument_factory.py:52 — ArgumentFactory - MainThread - pdfminer_handler() — DEBUG — Opening File Successful
argument_factory.py:52 — ArgumentFactory - MainThread - pdfminer_handler() — DEBUG — Opening File Successful
argument_factory.py:73 — ArgumentFactory - MainThread - pdfminer_handler() — ERROR — File Failed to Open
argument_factory.py:73 — ArgumentFactory - MainThread - pdfminer_handler() — ERROR — File Failed to Open
argument_factory.py:49 — ArgumentFactory - MainThread - pdfminer_handler() — DEBUG — Opening File: /Users/user/Documents/School/2018-2019/Fall/SeniorDesign/Development/lost-in-space-and-time/lispat_app/lispat/assets/ISO 27002 Security Techniques - Code of Practice for Information Security Management (2005).pdf
argument_factory.py:49 — ArgumentFactory - MainThread - pdfminer_handler() — DEBUG — Opening File: /Users/user/Documents/School/2018-2019/Fall/SeniorDesign/Development/lost-in-space-and-time/lispat_app/lispat/assets/ISO 27002 Security Techniques - Code of Practice for Information Security Management (2005).pdf
argument_factory.py:52 — ArgumentFactory - MainThread - pdfminer_handler() — DEBUG — Opening File Successful
argument_factory.py:52 — ArgumentFactory - MainThread - pdfminer_handler() — DEBUG — Opening File Successful
argument_factory.py:73 — ArgumentFactory - MainThread - pdfminer_handler() — ERROR — File Failed to Open
argument_factory.py:73 — ArgumentFactory - MainThread - pdfminer_handler() — ERROR — File Failed to Open
argument_factory.py:49 — ArgumentFactory - MainThread - pdfminer_handler() — DEBUG — Opening File: /Users/user/Documents/School/2018-2019/Fall/SeniorDesign/Development/lost-in-space-and-time/lispat_app/lispat/assets/C.2_TIR80001-2-4- Part 2-4.pdf
argument_factory.py:49 — ArgumentFactory - MainThread - pdfminer_handler() — DEBUG — Opening File: /Users/user/Documents/School/2018-2019/Fall/SeniorDesign/Development/lost-in-space-and-time/lispat_app/lispat/assets/C.2_TIR80001-2-4- Part 2-4.pdf
argument_factory.py:52 — ArgumentFactory - MainThread - pdfminer_handler() — DEBUG — Opening File Successful
argument_factory.py:52 — ArgumentFactory - MainThread - pdfminer_handler() — DEBUG — Opening File Successful
argument_factory.py:73 — ArgumentFactory - MainThread - pdfminer_handler() — ERROR — File Failed to Open
argument_factory.py:73 — ArgumentFactory - MainThread - pdfminer_handler() — ERROR — File Failed to Open
argument_factory.py:49 — ArgumentFactory - MainThread - pdfminer_handler() — DEBUG — Opening File: /Users/user/Documents/School/2018-2019/Fall/SeniorDesign/Development/lost-in-space-and-time/lispat_app/lispat/assets/C.2_TIR80001-2-4- Part 2-4.pdf
argument_factory.py:49 — ArgumentFactory - MainThread - pdfminer_handler() — DEBUG — Opening File: /Users/user/Documents/School/2018-2019/Fall/SeniorDesign/Development/lost-in-space-and-time/lispat_app/lispat/assets/C.2_TIR80001-2-4- Part 2-4.pdf
argument_factory.py:52 — ArgumentFactory - MainThread - pdfminer_handler() — DEBUG — Opening File Successful
argument_factory.py:52 — ArgumentFactory - MainThread - pdfminer_handler() — DEBUG — Opening File Successful
argument_factory.py:73 — ArgumentFactory - MainThread - pdfminer_handler() — ERROR — File Failed to Open
argument_factory.py:73 — ArgumentFactory - MainThread - pdfminer_handler() — ERROR — File Failed to Open
argument_factory.py:49 — ArgumentFactory - MainThread - pdfminer_handler() — DEBUG — Opening File: /Users/user/Documents/School/2018-2019/Fall/SeniorDesign/Development/lost-in-space-and-time/lispat_app/lispat/assets/ISO 15225-2010 Medical Device Nomenclature Data Structure.pdf
argument_factory.py:49 — ArgumentFactory - MainThread - pdfminer_handler() — DEBUG — Opening File: /Users/user/Documents/School/2018-2019/Fall/SeniorDesign/Development/lost-in-space-and-time/lispat_app/lispat/assets/ISO 15225-2010 Medical Device Nomenclature Data Structure.pdf
argument_factory.py:73 — ArgumentFactory - MainThread - pdfminer_handler() — ERROR — File Failed to Open
argument_factory.py:73 — ArgumentFactory - MainThread - pdfminer_handler() — ERROR — File Failed to Open
argument_factory.py:52 — ArgumentFactory - MainThread - pdfminer_handler() — DEBUG — Opening File Successful
argument_factory.py:52 — ArgumentFactory - MainThread - pdfminer_handler() — DEBUG — Opening File Successful
argument_factory.py:49 — ArgumentFactory - MainThread - pdfminer_handler() — DEBUG — Opening File: /Users/user/Documents/School/2018-2019/Fall/SeniorDesign/Development/lost-in-space-and-time/lispat_app/lispat/assets/ISO 15225-2010 Medical Device Nomenclature Data Structure.pdf
argument_factory.py:49 — ArgumentFactory - MainThread - pdfminer_handler() — DEBUG — Opening File: /Users/user/Documents/School/2018-2019/Fall/SeniorDesign/Development/lost-in-space-and-time/lispat_app/lispat/assets/ISO 15225-2010 Medical Device Nomenclature Data Structure.pdf
argument_factory.py:52 — ArgumentFactory - MainThread - pdfminer_handler() — DEBUG — Opening File Successful
argument_factory.py:52 — ArgumentFactory - MainThread - pdfminer_handler() — DEBUG — Opening File Successful
argument_factory.py:73 — ArgumentFactory - MainThread - pdfminer_handler() — ERROR — File Failed to Open
argument_factory.py:73 — ArgumentFactory - MainThread - pdfminer_handler() — ERROR — File Failed to Open
argument_factory.py:49 — ArgumentFactory - MainThread - pdfminer_handler() — DEBUG — Opening File: /Users/user/Documents/School/2018-2019/Fall/SeniorDesign/Development/lost-in-space-and-time/lispat_app/lispat/assets/C.2_TIR80001-2-7- Part 2-7.pdf
argument_factory.py:49 — ArgumentFactory - MainThread - pdfminer_handler() — DEBUG — Opening File: /Users/user/Documents/School/2018-2019/Fall/SeniorDesign/Development/lost-in-space-and-time/lispat_app/lispat/assets/C.2_TIR80001-2-7- Part 2-7.pdf
argument_factory.py:52 — ArgumentFactory - MainThread - pdfminer_handler() — DEBUG — Opening File Successful
argument_factory.py:52 — ArgumentFactory - MainThread - pdfminer_handler() — DEBUG — Opening File Successful
argument_factory.py:73 — ArgumentFactory - MainThread - pdfminer_handler() — ERROR — File Failed to Open
argument_factory.py:73 — ArgumentFactory - MainThread - pdfminer_handler() — ERROR — File Failed to Open
argument_factory.py:49 — ArgumentFactory - MainThread - pdfminer_handler() — DEBUG — Opening File: /Users/user/Documents/School/2018-2019/Fall/SeniorDesign/Development/lost-in-space-and-time/lispat_app/lispat/assets/C.2_TIR80001-2-7- Part 2-7.pdf
argument_factory.py:49 — ArgumentFactory - MainThread - pdfminer_handler() — DEBUG — Opening File: /Users/user/Documents/School/2018-2019/Fall/SeniorDesign/Development/lost-in-space-and-time/lispat_app/lispat/assets/C.2_TIR80001-2-7- Part 2-7.pdf
argument_factory.py:52 — ArgumentFactory - MainThread - pdfminer_handler() — DEBUG — Opening File Successful
argument_factory.py:52 — ArgumentFactory - MainThread - pdfminer_handler() — DEBUG — Opening File Successful
argument_factory.py:73 — ArgumentFactory - MainThread - pdfminer_handler() — ERROR — File Failed to Open
argument_factory.py:73 — ArgumentFactory - MainThread - pdfminer_handler() — ERROR — File Failed to Open
argument_factory.py:49 — ArgumentFactory - MainThread - pdfminer_handler() — DEBUG — Opening File: /Users/user/Documents/School/2018-2019/Fall/SeniorDesign/Development/lost-in-space-and-time/lispat_app/lispat/assets/IEC 62304 Medical Device Software - Software Life Cycle Processes (2015).pdf
argument_factory.py:49 — ArgumentFactory - MainThread - pdfminer_handler() — DEBUG — Opening File: /Users/user/Documents/School/2018-2019/Fall/SeniorDesign/Development/lost-in-space-and-time/lispat_app/lispat/assets/IEC 62304 Medical Device Software - Software Life Cycle Processes (2015).pdf
argument_factory.py:52 — ArgumentFactory - MainThread - pdfminer_handler() — DEBUG — Opening File Successful
argument_factory.py:52 — ArgumentFactory - MainThread - pdfminer_handler() — DEBUG — Opening File Successful
argument_factory.py:73 — ArgumentFactory - MainThread - pdfminer_handler() — ERROR — File Failed to Open
argument_factory.py:73 — ArgumentFactory - MainThread - pdfminer_handler() — ERROR — File Failed to Open
argument_factory.py:49 — ArgumentFactory - MainThread - pdfminer_handler() — DEBUG — Opening File: /Users/user/Documents/School/2018-2019/Fall/SeniorDesign/Development/lost-in-space-and-time/lispat_app/lispat/assets/IEC 62304 Medical Device Software - Software Life Cycle Processes (2015).pdf
argument_factory.py:49 — ArgumentFactory - MainThread - pdfminer_handler() — DEBUG — Opening File: /Users/user/Documents/School/2018-2019/Fall/SeniorDesign/Development/lost-in-space-and-time/lispat_app/lispat/assets/IEC 62304 Medical Device Software - Software Life Cycle Processes (2015).pdf
argument_factory.py:52 — ArgumentFactory - MainThread - pdfminer_handler() — DEBUG — Opening File Successful
argument_factory.py:52 — ArgumentFactory - MainThread - pdfminer_handler() — DEBUG — Opening File Successful
argument_factory.py:73 — ArgumentFactory - MainThread - pdfminer_handler() — ERROR — File Failed to Open
argument_factory.py:73 — ArgumentFactory - MainThread - pdfminer_handler() — ERROR — File Failed to Open
argument_factory.py:49 — ArgumentFactory - MainThread - pdfminer_handler() — DEBUG — Opening File: /Users/user/Documents/School/2018-2019/Fall/SeniorDesign/Development/lost-in-space-and-time/lispat_app/lispat/assets/A.7_NIST 800-37 Guide for Applying the Risk Management Framework to Federal Information Systems.pdf
argument_factory.py:49 — ArgumentFactory - MainThread - pdfminer_handler() — DEBUG — Opening File: /Users/user/Documents/School/2018-2019/Fall/SeniorDesign/Development/lost-in-space-and-time/lispat_app/lispat/assets/A.7_NIST 800-37 Guide for Applying the Risk Management Framework to Federal Information Systems.pdf
argument_factory.py:52 — ArgumentFactory - MainThread - pdfminer_handler() — DEBUG — Opening File Successful
argument_factory.py:52 — ArgumentFactory - MainThread - pdfminer_handler() — DEBUG — Opening File Successful
argument_factory.py:73 — ArgumentFactory - MainThread - pdfminer_handler() — ERROR — File Failed to Open
argument_factory.py:73 — ArgumentFactory - MainThread - pdfminer_handler() — ERROR — File Failed to Open
argument_factory.py:49 — ArgumentFactory - MainThread - pdfminer_handler() — DEBUG — Opening File: /Users/user/Documents/School/2018-2019/Fall/SeniorDesign/Development/lost-in-space-and-time/lispat_app/lispat/assets/A.7_NIST 800-37 Guide for Applying the Risk Management Framework to Federal Information Systems.pdf
argument_factory.py:49 — ArgumentFactory - MainThread - pdfminer_handler() — DEBUG — Opening File: /Users/user/Documents/School/2018-2019/Fall/SeniorDesign/Development/lost-in-space-and-time/lispat_app/lispat/assets/A.7_NIST 800-37 Guide for Applying the Risk Management Framework to Federal Information Systems.pdf
argument_factory.py:52 — ArgumentFactory - MainThread - pdfminer_handler() — DEBUG — Opening File Successful
argument_factory.py:52 — ArgumentFactory - MainThread - pdfminer_handler() — DEBUG — Opening File Successful
argument_factory.py:73 — ArgumentFactory - MainThread - pdfminer_handler() — ERROR — File Failed to Open
argument_factory.py:73 — ArgumentFactory - MainThread - pdfminer_handler() — ERROR — File Failed to Open
argument_factory.py:49 — ArgumentFactory - MainThread - pdfminer_handler() — DEBUG — Opening File: /Users/user/Documents/School/2018-2019/Fall/SeniorDesign/Development/lost-in-space-and-time/lispat_app/lispat/assets/FDA Content of Premarket Submissions for Management of Cybersecurity in Medical Devices (2014).pdf
argument_factory.py:49 — ArgumentFactory - MainThread - pdfminer_handler() — DEBUG — Opening File: /Users/user/Documents/School/2018-2019/Fall/SeniorDesign/Development/lost-in-space-and-time/lispat_app/lispat/assets/FDA Content of Premarket Submissions for Management of Cybersecurity in Medical Devices (2014).pdf
argument_factory.py:52 — ArgumentFactory - MainThread - pdfminer_handler() — DEBUG — Opening File Successful
argument_factory.py:52 — ArgumentFactory - MainThread - pdfminer_handler() — DEBUG — Opening File Successful
argument_factory.py:73 — ArgumentFactory - MainThread - pdfminer_handler() — ERROR — File Failed to Open
argument_factory.py:73 — ArgumentFactory - MainThread - pdfminer_handler() — ERROR — File Failed to Open
argument_factory.py:49 — ArgumentFactory - MainThread - pdfminer_handler() — DEBUG — Opening File: /Users/user/Documents/School/2018-2019/Fall/SeniorDesign/Development/lost-in-space-and-time/lispat_app/lispat/assets/FDA Content of Premarket Submissions for Management of Cybersecurity in Medical Devices (2014).pdf
argument_factory.py:49 — ArgumentFactory - MainThread - pdfminer_handler() — DEBUG — Opening File: /Users/user/Documents/School/2018-2019/Fall/SeniorDesign/Development/lost-in-space-and-time/lispat_app/lispat/assets/FDA Content of Premarket Submissions for Management of Cybersecurity in Medical Devices (2014).pdf
argument_factory.py:52 — ArgumentFactory - MainThread - pdfminer_handler() — DEBUG — Opening File Successful
argument_factory.py:52 — ArgumentFactory - MainThread - pdfminer_handler() — DEBUG — Opening File Successful
argument_factory.py:73 — ArgumentFactory - MainThread - pdfminer_handler() — ERROR — File Failed to Open
argument_factory.py:73 — ArgumentFactory - MainThread - pdfminer_handler() — ERROR — File Failed to Open
argument_factory.py:49 — ArgumentFactory - MainThread - pdfminer_handler() — DEBUG — Opening File: /Users/user/Documents/School/2018-2019/Fall/SeniorDesign/Development/lost-in-space-and-time/lispat_app/lispat/assets/BSI 27799 Informattion security management in health using ISO-IEC 27002 (2008).pdf
argument_factory.py:49 — ArgumentFactory - MainThread - pdfminer_handler() — DEBUG — Opening File: /Users/user/Documents/School/2018-2019/Fall/SeniorDesign/Development/lost-in-space-and-time/lispat_app/lispat/assets/BSI 27799 Informattion security management in health using ISO-IEC 27002 (2008).pdf
argument_factory.py:52 — ArgumentFactory - MainThread - pdfminer_handler() — DEBUG — Opening File Successful
argument_factory.py:52 — ArgumentFactory - MainThread - pdfminer_handler() — DEBUG — Opening File Successful
argument_factory.py:73 — ArgumentFactory - MainThread - pdfminer_handler() — ERROR — File Failed to Open
argument_factory.py:73 — ArgumentFactory - MainThread - pdfminer_handler() — ERROR — File Failed to Open
argument_factory.py:49 — ArgumentFactory - MainThread - pdfminer_handler() — DEBUG — Opening File: /Users/user/Documents/School/2018-2019/Fall/SeniorDesign/Development/lost-in-space-and-time/lispat_app/lispat/assets/BSI 27799 Informattion security management in health using ISO-IEC 27002 (2008).pdf
argument_factory.py:49 — ArgumentFactory - MainThread - pdfminer_handler() — DEBUG — Opening File: /Users/user/Documents/School/2018-2019/Fall/SeniorDesign/Development/lost-in-space-and-time/lispat_app/lispat/assets/BSI 27799 Informattion security management in health using ISO-IEC 27002 (2008).pdf
argument_factory.py:52 — ArgumentFactory - MainThread - pdfminer_handler() — DEBUG — Opening File Successful
argument_factory.py:52 — ArgumentFactory - MainThread - pdfminer_handler() — DEBUG — Opening File Successful
argument_factory.py:73 — ArgumentFactory - MainThread - pdfminer_handler() — ERROR — File Failed to Open
argument_factory.py:73 — ArgumentFactory - MainThread - pdfminer_handler() — ERROR — File Failed to Open
argument_factory.py:49 — ArgumentFactory - MainThread - pdfminer_handler() — DEBUG — Opening File: /Users/user/Documents/School/2018-2019/Fall/SeniorDesign/Development/lost-in-space-and-time/lispat_app/lispat/assets/A.8_NIST 800-61r2 Computer Security Incident Handling Guide (2012).pdf
argument_factory.py:49 — ArgumentFactory - MainThread - pdfminer_handler() — DEBUG — Opening File: /Users/user/Documents/School/2018-2019/Fall/SeniorDesign/Development/lost-in-space-and-time/lispat_app/lispat/assets/A.8_NIST 800-61r2 Computer Security Incident Handling Guide (2012).pdf
argument_factory.py:52 — ArgumentFactory - MainThread - pdfminer_handler() — DEBUG — Opening File Successful
argument_factory.py:52 — ArgumentFactory - MainThread - pdfminer_handler() — DEBUG — Opening File Successful
argument_factory.py:73 — ArgumentFactory - MainThread - pdfminer_handler() — ERROR — File Failed to Open
argument_factory.py:73 — ArgumentFactory - MainThread - pdfminer_handler() — ERROR — File Failed to Open
argument_factory.py:49 — ArgumentFactory - MainThread - pdfminer_handler() — DEBUG — Opening File: /Users/user/Documents/School/2018-2019/Fall/SeniorDesign/Development/lost-in-space-and-time/lispat_app/lispat/assets/A.8_NIST 800-61r2 Computer Security Incident Handling Guide (2012).pdf
argument_factory.py:49 — ArgumentFactory - MainThread - pdfminer_handler() — DEBUG — Opening File: /Users/user/Documents/School/2018-2019/Fall/SeniorDesign/Development/lost-in-space-and-time/lispat_app/lispat/assets/A.8_NIST 800-61r2 Computer Security Incident Handling Guide (2012).pdf
argument_factory.py:52 — ArgumentFactory - MainThread - pdfminer_handler() — DEBUG — Opening File Successful
argument_factory.py:52 — ArgumentFactory - MainThread - pdfminer_handler() — DEBUG — Opening File Successful
argument_factory.py:73 — ArgumentFactory - MainThread - pdfminer_handler() — ERROR — File Failed to Open
argument_factory.py:73 — ArgumentFactory - MainThread - pdfminer_handler() — ERROR — File Failed to Open
argument_factory.py:49 — ArgumentFactory - MainThread - pdfminer_handler() — DEBUG — Opening File: /Users/user/Documents/School/2018-2019/Fall/SeniorDesign/Development/lost-in-space-and-time/lispat_app/lispat/assets/C.2_TIR80001-1-Application of Risk Management for IT Networks Incorporating Medical Devices - Part 1.pdf
argument_factory.py:49 — ArgumentFactory - MainThread - pdfminer_handler() — DEBUG — Opening File: /Users/user/Documents/School/2018-2019/Fall/SeniorDesign/Development/lost-in-space-and-time/lispat_app/lispat/assets/C.2_TIR80001-1-Application of Risk Management for IT Networks Incorporating Medical Devices - Part 1.pdf
argument_factory.py:52 — ArgumentFactory - MainThread - pdfminer_handler() — DEBUG — Opening File Successful
argument_factory.py:52 — ArgumentFactory - MainThread - pdfminer_handler() — DEBUG — Opening File Successful
argument_factory.py:73 — ArgumentFactory - MainThread - pdfminer_handler() — ERROR — File Failed to Open
argument_factory.py:73 — ArgumentFactory - MainThread - pdfminer_handler() — ERROR — File Failed to Open
argument_factory.py:49 — ArgumentFactory - MainThread - pdfminer_handler() — DEBUG — Opening File: /Users/user/Documents/School/2018-2019/Fall/SeniorDesign/Development/lost-in-space-and-time/lispat_app/lispat/assets/C.2_TIR80001-1-Application of Risk Management for IT Networks Incorporating Medical Devices - Part 1.pdf
argument_factory.py:49 — ArgumentFactory - MainThread - pdfminer_handler() — DEBUG — Opening File: /Users/user/Documents/School/2018-2019/Fall/SeniorDesign/Development/lost-in-space-and-time/lispat_app/lispat/assets/C.2_TIR80001-1-Application of Risk Management for IT Networks Incorporating Medical Devices - Part 1.pdf
argument_factory.py:52 — ArgumentFactory - MainThread - pdfminer_handler() — DEBUG — Opening File Successful
argument_factory.py:52 — ArgumentFactory - MainThread - pdfminer_handler() — DEBUG — Opening File Successful
argument_factory.py:73 — ArgumentFactory - MainThread - pdfminer_handler() — ERROR — File Failed to Open
argument_factory.py:73 — ArgumentFactory - MainThread - pdfminer_handler() — ERROR — File Failed to Open
argument_factory.py:49 — ArgumentFactory - MainThread - pdfminer_handler() — DEBUG — Opening File: /Users/user/Documents/School/2018-2019/Fall/SeniorDesign/Development/lost-in-space-and-time/lispat_app/lispat/assets/IEC TR 80002-1 Guidance on the application of ISO 14971 to medical device software (2009).pdf
argument_factory.py:49 — ArgumentFactory - MainThread - pdfminer_handler() — DEBUG — Opening File: /Users/user/Documents/School/2018-2019/Fall/SeniorDesign/Development/lost-in-space-and-time/lispat_app/lispat/assets/IEC TR 80002-1 Guidance on the application of ISO 14971 to medical device software (2009).pdf
argument_factory.py:52 — ArgumentFactory - MainThread - pdfminer_handler() — DEBUG — Opening File Successful
argument_factory.py:52 — ArgumentFactory - MainThread - pdfminer_handler() — DEBUG — Opening File Successful
argument_factory.py:73 — ArgumentFactory - MainThread - pdfminer_handler() — ERROR — File Failed to Open
argument_factory.py:73 — ArgumentFactory - MainThread - pdfminer_handler() — ERROR — File Failed to Open
argument_factory.py:49 — ArgumentFactory - MainThread - pdfminer_handler() — DEBUG — Opening File: /Users/user/Documents/School/2018-2019/Fall/SeniorDesign/Development/lost-in-space-and-time/lispat_app/lispat/assets/IEC TR 80002-1 Guidance on the application of ISO 14971 to medical device software (2009).pdf
argument_factory.py:49 — ArgumentFactory - MainThread - pdfminer_handler() — DEBUG — Opening File: /Users/user/Documents/School/2018-2019/Fall/SeniorDesign/Development/lost-in-space-and-time/lispat_app/lispat/assets/IEC TR 80002-1 Guidance on the application of ISO 14971 to medical device software (2009).pdf
argument_factory.py:52 — ArgumentFactory - MainThread - pdfminer_handler() — DEBUG — Opening File Successful
argument_factory.py:52 — ArgumentFactory - MainThread - pdfminer_handler() — DEBUG — Opening File Successful
argument_factory.py:73 — ArgumentFactory - MainThread - pdfminer_handler() — ERROR — File Failed to Open
argument_factory.py:73 — ArgumentFactory - MainThread - pdfminer_handler() — ERROR — File Failed to Open
argument_factory.py:49 — ArgumentFactory - MainThread - pdfminer_handler() — DEBUG — Opening File: /Users/user/Documents/School/2018-2019/Fall/SeniorDesign/Development/lost-in-space-and-time/lispat_app/lispat/assets/BSI 60601-1 (2006-2010).pdf
argument_factory.py:49 — ArgumentFactory - MainThread - pdfminer_handler() — DEBUG — Opening File: /Users/user/Documents/School/2018-2019/Fall/SeniorDesign/Development/lost-in-space-and-time/lispat_app/lispat/assets/BSI 60601-1 (2006-2010).pdf
argument_factory.py:73 — ArgumentFactory - MainThread - pdfminer_handler() — ERROR — File Failed to Open
argument_factory.py:52 — ArgumentFactory - MainThread - pdfminer_handler() — DEBUG — Opening File Successful
argument_factory.py:73 — ArgumentFactory - MainThread - pdfminer_handler() — ERROR — File Failed to Open
argument_factory.py:52 — ArgumentFactory - MainThread - pdfminer_handler() — DEBUG — Opening File Successful
argument_factory.py:49 — ArgumentFactory - MainThread - pdfminer_handler() — DEBUG — Opening File: /Users/user/Documents/School/2018-2019/Fall/SeniorDesign/Development/lost-in-space-and-time/lispat_app/lispat/assets/BSI 60601-1 (2006-2010).pdf
argument_factory.py:49 — ArgumentFactory - MainThread - pdfminer_handler() — DEBUG — Opening File: /Users/user/Documents/School/2018-2019/Fall/SeniorDesign/Development/lost-in-space-and-time/lispat_app/lispat/assets/BSI 60601-1 (2006-2010).pdf
argument_factory.py:52 — ArgumentFactory - MainThread - pdfminer_handler() — DEBUG — Opening File Successful
argument_factory.py:52 — ArgumentFactory - MainThread - pdfminer_handler() — DEBUG — Opening File Successful
argument_factory.py:73 — ArgumentFactory - MainThread - pdfminer_handler() — ERROR — File Failed to Open
argument_factory.py:73 — ArgumentFactory - MainThread - pdfminer_handler() — ERROR — File Failed to Open
argument_factory.py:49 — ArgumentFactory - MainThread - pdfminer_handler() — DEBUG — Opening File: /Users/user/Documents/School/2018-2019/Fall/SeniorDesign/Development/lost-in-space-and-time/lispat_app/lispat/assets/FDA Postmarket_Management_of_Cybersecurity_in_Medical_Devices_Guidance.pdf
argument_factory.py:49 — ArgumentFactory - MainThread - pdfminer_handler() — DEBUG — Opening File: /Users/user/Documents/School/2018-2019/Fall/SeniorDesign/Development/lost-in-space-and-time/lispat_app/lispat/assets/FDA Postmarket_Management_of_Cybersecurity_in_Medical_Devices_Guidance.pdf
argument_factory.py:52 — ArgumentFactory - MainThread - pdfminer_handler() — DEBUG — Opening File Successful
argument_factory.py:52 — ArgumentFactory - MainThread - pdfminer_handler() — DEBUG — Opening File Successful
argument_factory.py:73 — ArgumentFactory - MainThread - pdfminer_handler() — ERROR — File Failed to Open
argument_factory.py:73 — ArgumentFactory - MainThread - pdfminer_handler() — ERROR — File Failed to Open
argument_factory.py:49 — ArgumentFactory - MainThread - pdfminer_handler() — DEBUG — Opening File: /Users/user/Documents/School/2018-2019/Fall/SeniorDesign/Development/lost-in-space-and-time/lispat_app/lispat/assets/FDA Postmarket_Management_of_Cybersecurity_in_Medical_Devices_Guidance.pdf
argument_factory.py:49 — ArgumentFactory - MainThread - pdfminer_handler() — DEBUG — Opening File: /Users/user/Documents/School/2018-2019/Fall/SeniorDesign/Development/lost-in-space-and-time/lispat_app/lispat/assets/FDA Postmarket_Management_of_Cybersecurity_in_Medical_Devices_Guidance.pdf
argument_factory.py:52 — ArgumentFactory - MainThread - pdfminer_handler() — DEBUG — Opening File Successful
argument_factory.py:52 — ArgumentFactory - MainThread - pdfminer_handler() — DEBUG — Opening File Successful
argument_factory.py:73 — ArgumentFactory - MainThread - pdfminer_handler() — ERROR — File Failed to Open
argument_factory.py:73 — ArgumentFactory - MainThread - pdfminer_handler() — ERROR — File Failed to Open
argument_factory.py:49 — ArgumentFactory - MainThread - pdfminer_handler() — DEBUG — Opening File: /Users/user/Documents/School/2018-2019/Fall/SeniorDesign/Development/lost-in-space-and-time/lispat_app/lispat/assets/TIR57 - 2016 Principles for Medical Device Security - Risk Management.pdf
argument_factory.py:49 — ArgumentFactory - MainThread - pdfminer_handler() — DEBUG — Opening File: /Users/user/Documents/School/2018-2019/Fall/SeniorDesign/Development/lost-in-space-and-time/lispat_app/lispat/assets/TIR57 - 2016 Principles for Medical Device Security - Risk Management.pdf
argument_factory.py:52 — ArgumentFactory - MainThread - pdfminer_handler() — DEBUG — Opening File Successful
argument_factory.py:52 — ArgumentFactory - MainThread - pdfminer_handler() — DEBUG — Opening File Successful
argument_factory.py:73 — ArgumentFactory - MainThread - pdfminer_handler() — ERROR — File Failed to Open
argument_factory.py:73 — ArgumentFactory - MainThread - pdfminer_handler() — ERROR — File Failed to Open
argument_factory.py:49 — ArgumentFactory - MainThread - pdfminer_handler() — DEBUG — Opening File: /Users/user/Documents/School/2018-2019/Fall/SeniorDesign/Development/lost-in-space-and-time/lispat_app/lispat/assets/TIR57 - 2016 Principles for Medical Device Security - Risk Management.pdf
argument_factory.py:49 — ArgumentFactory - MainThread - pdfminer_handler() — DEBUG — Opening File: /Users/user/Documents/School/2018-2019/Fall/SeniorDesign/Development/lost-in-space-and-time/lispat_app/lispat/assets/TIR57 - 2016 Principles for Medical Device Security - Risk Management.pdf
argument_factory.py:52 — ArgumentFactory - MainThread - pdfminer_handler() — DEBUG — Opening File Successful
argument_factory.py:52 — ArgumentFactory - MainThread - pdfminer_handler() — DEBUG — Opening File Successful
argument_factory.py:73 — ArgumentFactory - MainThread - pdfminer_handler() — ERROR — File Failed to Open
argument_factory.py:73 — ArgumentFactory - MainThread - pdfminer_handler() — ERROR — File Failed to Open
argument_factory.py:49 — ArgumentFactory - MainThread - pdfminer_handler() — DEBUG — Opening File: /Users/user/Documents/School/2018-2019/Fall/SeniorDesign/Development/lost-in-space-and-time/lispat_app/lispat/assets/ISO 15288 Systems and SW engineering - System life cycle processes (2015).pdf
argument_factory.py:49 — ArgumentFactory - MainThread - pdfminer_handler() — DEBUG — Opening File: /Users/user/Documents/School/2018-2019/Fall/SeniorDesign/Development/lost-in-space-and-time/lispat_app/lispat/assets/ISO 15288 Systems and SW engineering - System life cycle processes (2015).pdf
argument_factory.py:52 — ArgumentFactory - MainThread - pdfminer_handler() — DEBUG — Opening File Successful
argument_factory.py:52 — ArgumentFactory - MainThread - pdfminer_handler() — DEBUG — Opening File Successful
argument_factory.py:73 — ArgumentFactory - MainThread - pdfminer_handler() — ERROR — File Failed to Open
argument_factory.py:73 — ArgumentFactory - MainThread - pdfminer_handler() — ERROR — File Failed to Open
argument_factory.py:49 — ArgumentFactory - MainThread - pdfminer_handler() — DEBUG — Opening File: /Users/user/Documents/School/2018-2019/Fall/SeniorDesign/Development/lost-in-space-and-time/lispat_app/lispat/assets/ISO 15288 Systems and SW engineering - System life cycle processes (2015).pdf
argument_factory.py:49 — ArgumentFactory - MainThread - pdfminer_handler() — DEBUG — Opening File: /Users/user/Documents/School/2018-2019/Fall/SeniorDesign/Development/lost-in-space-and-time/lispat_app/lispat/assets/ISO 15288 Systems and SW engineering - System life cycle processes (2015).pdf
argument_factory.py:52 — ArgumentFactory - MainThread - pdfminer_handler() — DEBUG — Opening File Successful
argument_factory.py:52 — ArgumentFactory - MainThread - pdfminer_handler() — DEBUG — Opening File Successful
argument_factory.py:73 — ArgumentFactory - MainThread - pdfminer_handler() — ERROR — File Failed to Open
argument_factory.py:73 — ArgumentFactory - MainThread - pdfminer_handler() — ERROR — File Failed to Open
argument_factory.py:49 — ArgumentFactory - MainThread - pdfminer_handler() — DEBUG — Opening File: /Users/user/Documents/School/2018-2019/Fall/SeniorDesign/Development/lost-in-space-and-time/lispat_app/lispat/assets/K061248 - Example Regulatory Filing (510k).pdf
argument_factory.py:49 — ArgumentFactory - MainThread - pdfminer_handler() — DEBUG — Opening File: /Users/user/Documents/School/2018-2019/Fall/SeniorDesign/Development/lost-in-space-and-time/lispat_app/lispat/assets/K061248 - Example Regulatory Filing (510k).pdf
argument_factory.py:52 — ArgumentFactory - MainThread - pdfminer_handler() — DEBUG — Opening File Successful
argument_factory.py:52 — ArgumentFactory - MainThread - pdfminer_handler() — DEBUG — Opening File Successful
argument_factory.py:73 — ArgumentFactory - MainThread - pdfminer_handler() — ERROR — File Failed to Open
argument_factory.py:73 — ArgumentFactory - MainThread - pdfminer_handler() — ERROR — File Failed to Open
argument_factory.py:49 — ArgumentFactory - MainThread - pdfminer_handler() — DEBUG — Opening File: /Users/user/Documents/School/2018-2019/Fall/SeniorDesign/Development/lost-in-space-and-time/lispat_app/lispat/assets/K061248 - Example Regulatory Filing (510k).pdf
argument_factory.py:49 — ArgumentFactory - MainThread - pdfminer_handler() — DEBUG — Opening File: /Users/user/Documents/School/2018-2019/Fall/SeniorDesign/Development/lost-in-space-and-time/lispat_app/lispat/assets/K061248 - Example Regulatory Filing (510k).pdf
argument_factory.py:52 — ArgumentFactory - MainThread - pdfminer_handler() — DEBUG — Opening File Successful
argument_factory.py:52 — ArgumentFactory - MainThread - pdfminer_handler() — DEBUG — Opening File Successful
argument_factory.py:73 — ArgumentFactory - MainThread - pdfminer_handler() — ERROR — File Failed to Open
argument_factory.py:73 — ArgumentFactory - MainThread - pdfminer_handler() — ERROR — File Failed to Open
argument_factory.py:49 — ArgumentFactory - MainThread - pdfminer_handler() — DEBUG — Opening File: /Users/user/Documents/School/2018-2019/Fall/SeniorDesign/Development/lost-in-space-and-time/lispat_app/lispat/assets/BSI 14971 Application of risk management to medical devices (2012).pdf
argument_factory.py:49 — ArgumentFactory - MainThread - pdfminer_handler() — DEBUG — Opening File: /Users/user/Documents/School/2018-2019/Fall/SeniorDesign/Development/lost-in-space-and-time/lispat_app/lispat/assets/BSI 14971 Application of risk management to medical devices (2012).pdf
argument_factory.py:52 — ArgumentFactory - MainThread - pdfminer_handler() — DEBUG — Opening File Successful
argument_factory.py:52 — ArgumentFactory - MainThread - pdfminer_handler() — DEBUG — Opening File Successful
argument_factory.py:73 — ArgumentFactory - MainThread - pdfminer_handler() — ERROR — File Failed to Open
argument_factory.py:73 — ArgumentFactory - MainThread - pdfminer_handler() — ERROR — File Failed to Open
argument_factory.py:49 — ArgumentFactory - MainThread - pdfminer_handler() — DEBUG — Opening File: /Users/user/Documents/School/2018-2019/Fall/SeniorDesign/Development/lost-in-space-and-time/lispat_app/lispat/assets/C.2_TIR80001-2-1- Part 2-1.pdf
argument_factory.py:49 — ArgumentFactory - MainThread - pdfminer_handler() — DEBUG — Opening File: /Users/user/Documents/School/2018-2019/Fall/SeniorDesign/Development/lost-in-space-and-time/lispat_app/lispat/assets/C.2_TIR80001-2-1- Part 2-1.pdf
argument_factory.py:52 — ArgumentFactory - MainThread - pdfminer_handler() — DEBUG — Opening File Successful
argument_factory.py:52 — ArgumentFactory - MainThread - pdfminer_handler() — DEBUG — Opening File Successful
argument_factory.py:73 — ArgumentFactory - MainThread - pdfminer_handler() — ERROR — File Failed to Open
argument_factory.py:73 — ArgumentFactory - MainThread - pdfminer_handler() — ERROR — File Failed to Open
argument_factory.py:49 — ArgumentFactory - MainThread - pdfminer_handler() — DEBUG — Opening File: /Users/user/Documents/School/2018-2019/Fall/SeniorDesign/Development/lost-in-space-and-time/lispat_app/lispat/assets/BSI 14971 Application of risk management to medical devices (2012).pdf
argument_factory.py:49 — ArgumentFactory - MainThread - pdfminer_handler() — DEBUG — Opening File: /Users/user/Documents/School/2018-2019/Fall/SeniorDesign/Development/lost-in-space-and-time/lispat_app/lispat/assets/BSI 14971 Application of risk management to medical devices (2012).pdf
argument_factory.py:52 — ArgumentFactory - MainThread - pdfminer_handler() — DEBUG — Opening File Successful
argument_factory.py:52 — ArgumentFactory - MainThread - pdfminer_handler() — DEBUG — Opening File Successful
argument_factory.py:73 — ArgumentFactory - MainThread - pdfminer_handler() — ERROR — File Failed to Open
argument_factory.py:73 — ArgumentFactory - MainThread - pdfminer_handler() — ERROR — File Failed to Open
argument_factory.py:49 — ArgumentFactory - MainThread - pdfminer_handler() — DEBUG — Opening File: /Users/user/Documents/School/2018-2019/Fall/SeniorDesign/Development/lost-in-space-and-time/lispat_app/lispat/assets/C.2_TIR80001-2-1- Part 2-1.pdf
argument_factory.py:49 — ArgumentFactory - MainThread - pdfminer_handler() — DEBUG — Opening File: /Users/user/Documents/School/2018-2019/Fall/SeniorDesign/Development/lost-in-space-and-time/lispat_app/lispat/assets/C.2_TIR80001-2-1- Part 2-1.pdf
argument_factory.py:52 — ArgumentFactory - MainThread - pdfminer_handler() — DEBUG — Opening File Successful
argument_factory.py:52 — ArgumentFactory - MainThread - pdfminer_handler() — DEBUG — Opening File Successful
argument_factory.py:73 — ArgumentFactory - MainThread - pdfminer_handler() — ERROR — File Failed to Open
argument_factory.py:73 — ArgumentFactory - MainThread - pdfminer_handler() — ERROR — File Failed to Open
argument_factory.py:49 — ArgumentFactory - MainThread - pdfminer_handler() — DEBUG — Opening File: /Users/user/Documents/School/2018-2019/Fall/SeniorDesign/Development/lost-in-space-and-time/lispat_app/lispat/assets/AAMI CDV-1 TIR97.pdf
argument_factory.py:49 — ArgumentFactory - MainThread - pdfminer_handler() — DEBUG — Opening File: /Users/user/Documents/School/2018-2019/Fall/SeniorDesign/Development/lost-in-space-and-time/lispat_app/lispat/assets/AAMI CDV-1 TIR97.pdf
argument_factory.py:52 — ArgumentFactory - MainThread - pdfminer_handler() — DEBUG — Opening File Successful
argument_factory.py:52 — ArgumentFactory - MainThread - pdfminer_handler() — DEBUG — Opening File Successful
argument_factory.py:73 — ArgumentFactory - MainThread - pdfminer_handler() — ERROR — File Failed to Open
argument_factory.py:73 — ArgumentFactory - MainThread - pdfminer_handler() — ERROR — File Failed to Open
argument_factory.py:49 — ArgumentFactory - MainThread - pdfminer_handler() — DEBUG — Opening File: /Users/user/Documents/School/2018-2019/Fall/SeniorDesign/Development/lost-in-space-and-time/lispat_app/lispat/assets/AAMI CDV-1 TIR97.pdf
argument_factory.py:49 — ArgumentFactory - MainThread - pdfminer_handler() — DEBUG — Opening File: /Users/user/Documents/School/2018-2019/Fall/SeniorDesign/Development/lost-in-space-and-time/lispat_app/lispat/assets/AAMI CDV-1 TIR97.pdf
argument_factory.py:52 — ArgumentFactory - MainThread - pdfminer_handler() — DEBUG — Opening File Successful
argument_factory.py:52 — ArgumentFactory - MainThread - pdfminer_handler() — DEBUG — Opening File Successful
argument_factory.py:73 — ArgumentFactory - MainThread - pdfminer_handler() — ERROR — File Failed to Open
argument_factory.py:73 — ArgumentFactory - MainThread - pdfminer_handler() — ERROR — File Failed to Open
argument_factory.py:49 — ArgumentFactory - MainThread - pdfminer_handler() — DEBUG — Opening File: /Users/user/Documents/School/2018-2019/Fall/SeniorDesign/Development/lost-in-space-and-time/lispat_app/lispat/assets/A.6_NIST 800-53 Security and Privacy Controls for Federal Information Systems and Organizations.pdf
argument_factory.py:49 — ArgumentFactory - MainThread - pdfminer_handler() — DEBUG — Opening File: /Users/user/Documents/School/2018-2019/Fall/SeniorDesign/Development/lost-in-space-and-time/lispat_app/lispat/assets/A.6_NIST 800-53 Security and Privacy Controls for Federal Information Systems and Organizations.pdf
argument_factory.py:52 — ArgumentFactory - MainThread - pdfminer_handler() — DEBUG — Opening File Successful
argument_factory.py:52 — ArgumentFactory - MainThread - pdfminer_handler() — DEBUG — Opening File Successful
argument_factory.py:73 — ArgumentFactory - MainThread - pdfminer_handler() — ERROR — File Failed to Open
argument_factory.py:73 — ArgumentFactory - MainThread - pdfminer_handler() — ERROR — File Failed to Open
argument_factory.py:49 — ArgumentFactory - MainThread - pdfminer_handler() — DEBUG — Opening File: /Users/user/Documents/School/2018-2019/Fall/SeniorDesign/Development/lost-in-space-and-time/lispat_app/lispat/assets/A.6_NIST 800-53 Security and Privacy Controls for Federal Information Systems and Organizations.pdf
argument_factory.py:49 — ArgumentFactory - MainThread - pdfminer_handler() — DEBUG — Opening File: /Users/user/Documents/School/2018-2019/Fall/SeniorDesign/Development/lost-in-space-and-time/lispat_app/lispat/assets/A.6_NIST 800-53 Security and Privacy Controls for Federal Information Systems and Organizations.pdf
argument_factory.py:52 — ArgumentFactory - MainThread - pdfminer_handler() — DEBUG — Opening File Successful
argument_factory.py:52 — ArgumentFactory - MainThread - pdfminer_handler() — DEBUG — Opening File Successful
argument_factory.py:73 — ArgumentFactory - MainThread - pdfminer_handler() — ERROR — File Failed to Open
argument_factory.py:73 — ArgumentFactory - MainThread - pdfminer_handler() — ERROR — File Failed to Open
argument_factory.py:49 — ArgumentFactory - MainThread - pdfminer_handler() — DEBUG — Opening File: /Users/user/Documents/School/2018-2019/Fall/SeniorDesign/Development/lost-in-space-and-time/lispat_app/lispat/assets/C.2_TIR80001-2-6- Part 2-6.pdf
argument_factory.py:49 — ArgumentFactory - MainThread - pdfminer_handler() — DEBUG — Opening File: /Users/user/Documents/School/2018-2019/Fall/SeniorDesign/Development/lost-in-space-and-time/lispat_app/lispat/assets/C.2_TIR80001-2-6- Part 2-6.pdf
argument_factory.py:52 — ArgumentFactory - MainThread - pdfminer_handler() — DEBUG — Opening File Successful
argument_factory.py:52 — ArgumentFactory - MainThread - pdfminer_handler() — DEBUG — Opening File Successful
argument_factory.py:73 — ArgumentFactory - MainThread - pdfminer_handler() — ERROR — File Failed to Open
argument_factory.py:73 — ArgumentFactory - MainThread - pdfminer_handler() — ERROR — File Failed to Open
argument_factory.py:49 — ArgumentFactory - MainThread - pdfminer_handler() — DEBUG — Opening File: /Users/user/Documents/School/2018-2019/Fall/SeniorDesign/Development/lost-in-space-and-time/lispat_app/lispat/assets/C.2_TIR80001-2-6- Part 2-6.pdf
argument_factory.py:49 — ArgumentFactory - MainThread - pdfminer_handler() — DEBUG — Opening File: /Users/user/Documents/School/2018-2019/Fall/SeniorDesign/Development/lost-in-space-and-time/lispat_app/lispat/assets/C.2_TIR80001-2-6- Part 2-6.pdf
argument_factory.py:52 — ArgumentFactory - MainThread - pdfminer_handler() — DEBUG — Opening File Successful
argument_factory.py:52 — ArgumentFactory - MainThread - pdfminer_handler() — DEBUG — Opening File Successful
argument_factory.py:73 — ArgumentFactory - MainThread - pdfminer_handler() — ERROR — File Failed to Open
argument_factory.py:73 — ArgumentFactory - MainThread - pdfminer_handler() — ERROR — File Failed to Open
argument_factory.py:49 — ArgumentFactory - MainThread - pdfminer_handler() — DEBUG — Opening File: /Users/user/Documents/School/2018-2019/Fall/SeniorDesign/Development/lost-in-space-and-time/lispat_app/lispat/assets/A.5_NIST 800-30 Guide for Conducting Risk Assessments.pdf
argument_factory.py:49 — ArgumentFactory - MainThread - pdfminer_handler() — DEBUG — Opening File: /Users/user/Documents/School/2018-2019/Fall/SeniorDesign/Development/lost-in-space-and-time/lispat_app/lispat/assets/A.5_NIST 800-30 Guide for Conducting Risk Assessments.pdf
argument_factory.py:52 — ArgumentFactory - MainThread - pdfminer_handler() — DEBUG — Opening File Successful
argument_factory.py:52 — ArgumentFactory - MainThread - pdfminer_handler() — DEBUG — Opening File Successful
argument_factory.py:73 — ArgumentFactory - MainThread - pdfminer_handler() — ERROR — File Failed to Open
argument_factory.py:73 — ArgumentFactory - MainThread - pdfminer_handler() — ERROR — File Failed to Open
argument_factory.py:49 — ArgumentFactory - MainThread - pdfminer_handler() — DEBUG — Opening File: /Users/user/Documents/School/2018-2019/Fall/SeniorDesign/Development/lost-in-space-and-time/lispat_app/lispat/assets/A.5_NIST 800-30 Guide for Conducting Risk Assessments.pdf
argument_factory.py:49 — ArgumentFactory - MainThread - pdfminer_handler() — DEBUG — Opening File: /Users/user/Documents/School/2018-2019/Fall/SeniorDesign/Development/lost-in-space-and-time/lispat_app/lispat/assets/A.5_NIST 800-30 Guide for Conducting Risk Assessments.pdf
argument_factory.py:52 — ArgumentFactory - MainThread - pdfminer_handler() — DEBUG — Opening File Successful
argument_factory.py:52 — ArgumentFactory - MainThread - pdfminer_handler() — DEBUG — Opening File Successful
argument_factory.py:73 — ArgumentFactory - MainThread - pdfminer_handler() — ERROR — File Failed to Open
argument_factory.py:73 — ArgumentFactory - MainThread - pdfminer_handler() — ERROR — File Failed to Open
argument_factory.py:49 — ArgumentFactory - MainThread - pdfminer_handler() — DEBUG — Opening File: /Users/user/Documents/School/2018-2019/Fall/SeniorDesign/Development/lost-in-space-and-time/lispat_app/lispat/assets/IEC 62304 - 2006 Medical Device Software - Software Life Cycle Processes.pdf
argument_factory.py:49 — ArgumentFactory - MainThread - pdfminer_handler() — DEBUG — Opening File: /Users/user/Documents/School/2018-2019/Fall/SeniorDesign/Development/lost-in-space-and-time/lispat_app/lispat/assets/IEC 62304 - 2006 Medical Device Software - Software Life Cycle Processes.pdf
argument_factory.py:52 — ArgumentFactory - MainThread - pdfminer_handler() — DEBUG — Opening File Successful
argument_factory.py:52 — ArgumentFactory - MainThread - pdfminer_handler() — DEBUG — Opening File Successful
argument_factory.py:73 — ArgumentFactory - MainThread - pdfminer_handler() — ERROR — File Failed to Open
argument_factory.py:73 — ArgumentFactory - MainThread - pdfminer_handler() — ERROR — File Failed to Open
argument_factory.py:49 — ArgumentFactory - MainThread - pdfminer_handler() — DEBUG — Opening File: /Users/user/Documents/School/2018-2019/Fall/SeniorDesign/Development/lost-in-space-and-time/lispat_app/lispat/assets/IEC 62304 - 2006 Medical Device Software - Software Life Cycle Processes.pdf
argument_factory.py:49 — ArgumentFactory - MainThread - pdfminer_handler() — DEBUG — Opening File: /Users/user/Documents/School/2018-2019/Fall/SeniorDesign/Development/lost-in-space-and-time/lispat_app/lispat/assets/IEC 62304 - 2006 Medical Device Software - Software Life Cycle Processes.pdf
argument_factory.py:52 — ArgumentFactory - MainThread - pdfminer_handler() — DEBUG — Opening File Successful
argument_factory.py:52 — ArgumentFactory - MainThread - pdfminer_handler() — DEBUG — Opening File Successful
argument_factory.py:73 — ArgumentFactory - MainThread - pdfminer_handler() — ERROR — File Failed to Open
argument_factory.py:73 — ArgumentFactory - MainThread - pdfminer_handler() — ERROR — File Failed to Open
argument_factory.py:49 — ArgumentFactory - MainThread - pdfminer_handler() — DEBUG — Opening File: /Users/user/Documents/School/2018-2019/Fall/SeniorDesign/Development/lost-in-space-and-time/lispat_app/lispat/assets/C.2_TIR80001-2-2- Part 2-2.pdf
argument_factory.py:49 — ArgumentFactory - MainThread - pdfminer_handler() — DEBUG — Opening File: /Users/user/Documents/School/2018-2019/Fall/SeniorDesign/Development/lost-in-space-and-time/lispat_app/lispat/assets/C.2_TIR80001-2-2- Part 2-2.pdf
argument_factory.py:52 — ArgumentFactory - MainThread - pdfminer_handler() — DEBUG — Opening File Successful
argument_factory.py:52 — ArgumentFactory - MainThread - pdfminer_handler() — DEBUG — Opening File Successful
argument_factory.py:73 — ArgumentFactory - MainThread - pdfminer_handler() — ERROR — File Failed to Open
argument_factory.py:73 — ArgumentFactory - MainThread - pdfminer_handler() — ERROR — File Failed to Open
argument_factory.py:49 — ArgumentFactory - MainThread - pdfminer_handler() — DEBUG — Opening File: /Users/user/Documents/School/2018-2019/Fall/SeniorDesign/Development/lost-in-space-and-time/lispat_app/lispat/assets/C.2_TIR80001-2-2- Part 2-2.pdf
argument_factory.py:49 — ArgumentFactory - MainThread - pdfminer_handler() — DEBUG — Opening File: /Users/user/Documents/School/2018-2019/Fall/SeniorDesign/Development/lost-in-space-and-time/lispat_app/lispat/assets/C.2_TIR80001-2-2- Part 2-2.pdf
argument_factory.py:52 — ArgumentFactory - MainThread - pdfminer_handler() — DEBUG — Opening File Successful
argument_factory.py:52 — ArgumentFactory - MainThread - pdfminer_handler() — DEBUG — Opening File Successful
argument_factory.py:73 — ArgumentFactory - MainThread - pdfminer_handler() — ERROR — File Failed to Open
argument_factory.py:73 — ArgumentFactory - MainThread - pdfminer_handler() — ERROR — File Failed to Open
argument_factory.py:49 — ArgumentFactory - MainThread - pdfminer_handler() — DEBUG — Opening File: /Users/user/Documents/School/2018-2019/Fall/SeniorDesign/Development/lost-in-space-and-time/lispat_app/lispat/assets/EU GDPR 2016.5.4.pdf
argument_factory.py:49 — ArgumentFactory - MainThread - pdfminer_handler() — DEBUG — Opening File: /Users/user/Documents/School/2018-2019/Fall/SeniorDesign/Development/lost-in-space-and-time/lispat_app/lispat/assets/EU GDPR 2016.5.4.pdf
argument_factory.py:52 — ArgumentFactory - MainThread - pdfminer_handler() — DEBUG — Opening File Successful
argument_factory.py:52 — ArgumentFactory - MainThread - pdfminer_handler() — DEBUG — Opening File Successful
argument_factory.py:73 — ArgumentFactory - MainThread - pdfminer_handler() — ERROR — File Failed to Open
argument_factory.py:73 — ArgumentFactory - MainThread - pdfminer_handler() — ERROR — File Failed to Open
argument_factory.py:49 — ArgumentFactory - MainThread - pdfminer_handler() — DEBUG — Opening File: /Users/user/Documents/School/2018-2019/Fall/SeniorDesign/Development/lost-in-space-and-time/lispat_app/lispat/assets/ISO - IEC 29147 Information Technology - Seucrity Techniques - Vulnerabilty Disclosure (2014).pdf
argument_factory.py:49 — ArgumentFactory - MainThread - pdfminer_handler() — DEBUG — Opening File: /Users/user/Documents/School/2018-2019/Fall/SeniorDesign/Development/lost-in-space-and-time/lispat_app/lispat/assets/ISO - IEC 29147 Information Technology - Seucrity Techniques - Vulnerabilty Disclosure (2014).pdf
argument_factory.py:52 — ArgumentFactory - MainThread - pdfminer_handler() — DEBUG — Opening File Successful
argument_factory.py:52 — ArgumentFactory - MainThread - pdfminer_handler() — DEBUG — Opening File Successful
argument_factory.py:73 — ArgumentFactory - MainThread - pdfminer_handler() — ERROR — File Failed to Open
argument_factory.py:73 — ArgumentFactory - MainThread - pdfminer_handler() — ERROR — File Failed to Open
argument_factory.py:49 — ArgumentFactory - MainThread - pdfminer_handler() — DEBUG — Opening File: /Users/user/Documents/School/2018-2019/Fall/SeniorDesign/Development/lost-in-space-and-time/lispat_app/lispat/assets/EU GDPR 2016.5.4.pdf
argument_factory.py:49 — ArgumentFactory - MainThread - pdfminer_handler() — DEBUG — Opening File: /Users/user/Documents/School/2018-2019/Fall/SeniorDesign/Development/lost-in-space-and-time/lispat_app/lispat/assets/EU GDPR 2016.5.4.pdf
argument_factory.py:52 — ArgumentFactory - MainThread - pdfminer_handler() — DEBUG — Opening File Successful
argument_factory.py:52 — ArgumentFactory - MainThread - pdfminer_handler() — DEBUG — Opening File Successful
argument_factory.py:73 — ArgumentFactory - MainThread - pdfminer_handler() — ERROR — File Failed to Open
argument_factory.py:73 — ArgumentFactory - MainThread - pdfminer_handler() — ERROR — File Failed to Open
argument_factory.py:49 — ArgumentFactory - MainThread - pdfminer_handler() — DEBUG — Opening File: /Users/user/Documents/School/2018-2019/Fall/SeniorDesign/Development/lost-in-space-and-time/lispat_app/lispat/assets/ISO - IEC 29147 Information Technology - Seucrity Techniques - Vulnerabilty Disclosure (2014).pdf
argument_factory.py:49 — ArgumentFactory - MainThread - pdfminer_handler() — DEBUG — Opening File: /Users/user/Documents/School/2018-2019/Fall/SeniorDesign/Development/lost-in-space-and-time/lispat_app/lispat/assets/ISO - IEC 29147 Information Technology - Seucrity Techniques - Vulnerabilty Disclosure (2014).pdf
argument_factory.py:52 — ArgumentFactory - MainThread - pdfminer_handler() — DEBUG — Opening File Successful
argument_factory.py:52 — ArgumentFactory - MainThread - pdfminer_handler() — DEBUG — Opening File Successful
argument_factory.py:73 — ArgumentFactory - MainThread - pdfminer_handler() — ERROR — File Failed to Open
argument_factory.py:73 — ArgumentFactory - MainThread - pdfminer_handler() — ERROR — File Failed to Open
argument_factory.py:49 — ArgumentFactory - MainThread - pdfminer_handler() — DEBUG — Opening File: /Users/user/Documents/School/2018-2019/Fall/SeniorDesign/Development/lost-in-space-and-time/lispat_app/lispat/assets/HITRUST_CSF_v9.1.pdf
argument_factory.py:49 — ArgumentFactory - MainThread - pdfminer_handler() — DEBUG — Opening File: /Users/user/Documents/School/2018-2019/Fall/SeniorDesign/Development/lost-in-space-and-time/lispat_app/lispat/assets/HITRUST_CSF_v9.1.pdf
argument_factory.py:52 — ArgumentFactory - MainThread - pdfminer_handler() — DEBUG — Opening File Successful
argument_factory.py:52 — ArgumentFactory - MainThread - pdfminer_handler() — DEBUG — Opening File Successful
argument_factory.py:73 — ArgumentFactory - MainThread - pdfminer_handler() — ERROR — File Failed to Open
argument_factory.py:73 — ArgumentFactory - MainThread - pdfminer_handler() — ERROR — File Failed to Open
argument_factory.py:49 — ArgumentFactory - MainThread - pdfminer_handler() — DEBUG — Opening File: /Users/user/Documents/School/2018-2019/Fall/SeniorDesign/Development/lost-in-space-and-time/lispat_app/lispat/assets/HITRUST_CSF_v9.1.pdf
argument_factory.py:49 — ArgumentFactory - MainThread - pdfminer_handler() — DEBUG — Opening File: /Users/user/Documents/School/2018-2019/Fall/SeniorDesign/Development/lost-in-space-and-time/lispat_app/lispat/assets/HITRUST_CSF_v9.1.pdf
argument_factory.py:52 — ArgumentFactory - MainThread - pdfminer_handler() — DEBUG — Opening File Successful
argument_factory.py:52 — ArgumentFactory - MainThread - pdfminer_handler() — DEBUG — Opening File Successful
argument_factory.py:73 — ArgumentFactory - MainThread - pdfminer_handler() — ERROR — File Failed to Open
argument_factory.py:73 — ArgumentFactory - MainThread - pdfminer_handler() — ERROR — File Failed to Open
argument_factory.py:49 — ArgumentFactory - MainThread - pdfminer_handler() — DEBUG — Opening File: /Users/user/Documents/School/2018-2019/Fall/SeniorDesign/Development/lost-in-space-and-time/lispat_app/lispat/assets/FDA Guidance Cybersecurity for Networked Devices Containing OTS SW (2005).pdf
argument_factory.py:49 — ArgumentFactory - MainThread - pdfminer_handler() — DEBUG — Opening File: /Users/user/Documents/School/2018-2019/Fall/SeniorDesign/Development/lost-in-space-and-time/lispat_app/lispat/assets/FDA Guidance Cybersecurity for Networked Devices Containing OTS SW (2005).pdf
argument_factory.py:52 — ArgumentFactory - MainThread - pdfminer_handler() — DEBUG — Opening File Successful
argument_factory.py:52 — ArgumentFactory - MainThread - pdfminer_handler() — DEBUG — Opening File Successful
argument_factory.py:73 — ArgumentFactory - MainThread - pdfminer_handler() — ERROR — File Failed to Open
argument_factory.py:73 — ArgumentFactory - MainThread - pdfminer_handler() — ERROR — File Failed to Open
argument_factory.py:49 — ArgumentFactory - MainThread - pdfminer_handler() — DEBUG — Opening File: /Users/user/Documents/School/2018-2019/Fall/SeniorDesign/Development/lost-in-space-and-time/lispat_app/lispat/assets/Postmarket_Management_of_Cybersecurity_in_Medical_Devices_Guidance_for_Industry_and_Food_and_Drug_Administration_Staff.pdf
argument_factory.py:49 — ArgumentFactory - MainThread - pdfminer_handler() — DEBUG — Opening File: /Users/user/Documents/School/2018-2019/Fall/SeniorDesign/Development/lost-in-space-and-time/lispat_app/lispat/assets/Postmarket_Management_of_Cybersecurity_in_Medical_Devices_Guidance_for_Industry_and_Food_and_Drug_Administration_Staff.pdf
argument_factory.py:52 — ArgumentFactory - MainThread - pdfminer_handler() — DEBUG — Opening File Successful
argument_factory.py:52 — ArgumentFactory - MainThread - pdfminer_handler() — DEBUG — Opening File Successful
argument_factory.py:73 — ArgumentFactory - MainThread - pdfminer_handler() — ERROR — File Failed to Open
argument_factory.py:73 — ArgumentFactory - MainThread - pdfminer_handler() — ERROR — File Failed to Open
argument_factory.py:49 — ArgumentFactory - MainThread - pdfminer_handler() — DEBUG — Opening File: /Users/user/Documents/School/2018-2019/Fall/SeniorDesign/Development/lost-in-space-and-time/lispat_app/lispat/assets/FDA Guidance Cybersecurity for Networked Devices Containing OTS SW (2005).pdf
argument_factory.py:49 — ArgumentFactory - MainThread - pdfminer_handler() — DEBUG — Opening File: /Users/user/Documents/School/2018-2019/Fall/SeniorDesign/Development/lost-in-space-and-time/lispat_app/lispat/assets/FDA Guidance Cybersecurity for Networked Devices Containing OTS SW (2005).pdf
argument_factory.py:52 — ArgumentFactory - MainThread - pdfminer_handler() — DEBUG — Opening File Successful
argument_factory.py:52 — ArgumentFactory - MainThread - pdfminer_handler() — DEBUG — Opening File Successful
argument_factory.py:73 — ArgumentFactory - MainThread - pdfminer_handler() — ERROR — File Failed to Open
argument_factory.py:73 — ArgumentFactory - MainThread - pdfminer_handler() — ERROR — File Failed to Open
argument_factory.py:49 — ArgumentFactory - MainThread - pdfminer_handler() — DEBUG — Opening File: /Users/user/Documents/School/2018-2019/Fall/SeniorDesign/Development/lost-in-space-and-time/lispat_app/lispat/assets/Postmarket_Management_of_Cybersecurity_in_Medical_Devices_Guidance_for_Industry_and_Food_and_Drug_Administration_Staff.pdf
argument_factory.py:49 — ArgumentFactory - MainThread - pdfminer_handler() — DEBUG — Opening File: /Users/user/Documents/School/2018-2019/Fall/SeniorDesign/Development/lost-in-space-and-time/lispat_app/lispat/assets/Postmarket_Management_of_Cybersecurity_in_Medical_Devices_Guidance_for_Industry_and_Food_and_Drug_Administration_Staff.pdf
argument_factory.py:52 — ArgumentFactory - MainThread - pdfminer_handler() — DEBUG — Opening File Successful
argument_factory.py:52 — ArgumentFactory - MainThread - pdfminer_handler() — DEBUG — Opening File Successful
argument_factory.py:73 — ArgumentFactory - MainThread - pdfminer_handler() — ERROR — File Failed to Open
argument_factory.py:73 — ArgumentFactory - MainThread - pdfminer_handler() — ERROR — File Failed to Open
argument_factory.py:49 — ArgumentFactory - MainThread - pdfminer_handler() — DEBUG — Opening File: /Users/user/Documents/School/2018-2019/Fall/SeniorDesign/Development/lost-in-space-and-time/lispat_app/lispat/assets/C.2_TIR80001-2-5- Part 2-5.pdf
argument_factory.py:49 — ArgumentFactory - MainThread - pdfminer_handler() — DEBUG — Opening File: /Users/user/Documents/School/2018-2019/Fall/SeniorDesign/Development/lost-in-space-and-time/lispat_app/lispat/assets/C.2_TIR80001-2-5- Part 2-5.pdf
argument_factory.py:52 — ArgumentFactory - MainThread - pdfminer_handler() — DEBUG — Opening File Successful
argument_factory.py:52 — ArgumentFactory - MainThread - pdfminer_handler() — DEBUG — Opening File Successful
argument_factory.py:73 — ArgumentFactory - MainThread - pdfminer_handler() — ERROR — File Failed to Open
argument_factory.py:73 — ArgumentFactory - MainThread - pdfminer_handler() — ERROR — File Failed to Open
argument_factory.py:49 — ArgumentFactory - MainThread - pdfminer_handler() — DEBUG — Opening File: /Users/user/Documents/School/2018-2019/Fall/SeniorDesign/Development/lost-in-space-and-time/lispat_app/lispat/assets/C.2_TIR80001-2-5- Part 2-5.pdf
argument_factory.py:49 — ArgumentFactory - MainThread - pdfminer_handler() — DEBUG — Opening File: /Users/user/Documents/School/2018-2019/Fall/SeniorDesign/Development/lost-in-space-and-time/lispat_app/lispat/assets/C.2_TIR80001-2-5- Part 2-5.pdf
argument_factory.py:52 — ArgumentFactory - MainThread - pdfminer_handler() — DEBUG — Opening File Successful
argument_factory.py:52 — ArgumentFactory - MainThread - pdfminer_handler() — DEBUG — Opening File Successful
argument_factory.py:73 — ArgumentFactory - MainThread - pdfminer_handler() — ERROR — File Failed to Open
argument_factory.py:73 — ArgumentFactory - MainThread - pdfminer_handler() — ERROR — File Failed to Open
argument_factory.py:49 — ArgumentFactory - MainThread - pdfminer_handler() — DEBUG — Opening File: /Users/user/Documents/School/2018-2019/Fall/SeniorDesign/Development/lost-in-space-and-time/lispat_app/lispat/assets/C.6_ISO 27002 Security Techniques - Code of Practice for Information Security Management (2005).pdf
argument_factory.py:49 — ArgumentFactory - MainThread - pdfminer_handler() — DEBUG — Opening File: /Users/user/Documents/School/2018-2019/Fall/SeniorDesign/Development/lost-in-space-and-time/lispat_app/lispat/assets/C.6_ISO 27002 Security Techniques - Code of Practice for Information Security Management (2005).pdf
argument_factory.py:52 — ArgumentFactory - MainThread - pdfminer_handler() — DEBUG — Opening File Successful
argument_factory.py:52 — ArgumentFactory - MainThread - pdfminer_handler() — DEBUG — Opening File Successful
argument_factory.py:73 — ArgumentFactory - MainThread - pdfminer_handler() — ERROR — File Failed to Open
argument_factory.py:73 — ArgumentFactory - MainThread - pdfminer_handler() — ERROR — File Failed to Open
argument_factory.py:49 — ArgumentFactory - MainThread - pdfminer_handler() — DEBUG — Opening File: /Users/user/Documents/School/2018-2019/Fall/SeniorDesign/Development/lost-in-space-and-time/lispat_app/lispat/assets/C.6_ISO 27002 Security Techniques - Code of Practice for Information Security Management (2005).pdf
argument_factory.py:49 — ArgumentFactory - MainThread - pdfminer_handler() — DEBUG — Opening File: /Users/user/Documents/School/2018-2019/Fall/SeniorDesign/Development/lost-in-space-and-time/lispat_app/lispat/assets/C.6_ISO 27002 Security Techniques - Code of Practice for Information Security Management (2005).pdf
argument_factory.py:52 — ArgumentFactory - MainThread - pdfminer_handler() — DEBUG — Opening File Successful
argument_factory.py:52 — ArgumentFactory - MainThread - pdfminer_handler() — DEBUG — Opening File Successful
argument_factory.py:73 — ArgumentFactory - MainThread - pdfminer_handler() — ERROR — File Failed to Open
argument_factory.py:73 — ArgumentFactory - MainThread - pdfminer_handler() — ERROR — File Failed to Open
argument_factory.py:49 — ArgumentFactory - MainThread - pdfminer_handler() — DEBUG — Opening File: /Users/user/Documents/School/2018-2019/Fall/SeniorDesign/Development/lost-in-space-and-time/lispat_app/lispat/assets/NISTIR 7298 Glossary of Key Information Security Terms Rev 3 (9-2018) (Draft).pdf
argument_factory.py:49 — ArgumentFactory - MainThread - pdfminer_handler() — DEBUG — Opening File: /Users/user/Documents/School/2018-2019/Fall/SeniorDesign/Development/lost-in-space-and-time/lispat_app/lispat/assets/NISTIR 7298 Glossary of Key Information Security Terms Rev 3 (9-2018) (Draft).pdf
argument_factory.py:52 — ArgumentFactory - MainThread - pdfminer_handler() — DEBUG — Opening File Successful
argument_factory.py:52 — ArgumentFactory - MainThread - pdfminer_handler() — DEBUG — Opening File Successful
argument_factory.py:73 — ArgumentFactory - MainThread - pdfminer_handler() — ERROR — File Failed to Open
argument_factory.py:73 — ArgumentFactory - MainThread - pdfminer_handler() — ERROR — File Failed to Open
argument_factory.py:49 — ArgumentFactory - MainThread - pdfminer_handler() — DEBUG — Opening File: /Users/user/Documents/School/2018-2019/Fall/SeniorDesign/Development/lost-in-space-and-time/lispat_app/lispat/assets/NISTIR 7298 Glossary of Key Information Security Terms Rev 3 (9-2018) (Draft).pdf
argument_factory.py:49 — ArgumentFactory - MainThread - pdfminer_handler() — DEBUG — Opening File: /Users/user/Documents/School/2018-2019/Fall/SeniorDesign/Development/lost-in-space-and-time/lispat_app/lispat/assets/NISTIR 7298 Glossary of Key Information Security Terms Rev 3 (9-2018) (Draft).pdf
argument_factory.py:52 — ArgumentFactory - MainThread - pdfminer_handler() — DEBUG — Opening File Successful
argument_factory.py:52 — ArgumentFactory - MainThread - pdfminer_handler() — DEBUG — Opening File Successful
argument_factory.py:73 — ArgumentFactory - MainThread - pdfminer_handler() — ERROR — File Failed to Open
argument_factory.py:73 — ArgumentFactory - MainThread - pdfminer_handler() — ERROR — File Failed to Open
argument_factory.py:139 — ArgumentFactory - MainThread - csv_handler() — INFO — ArgumentFactory - csv_handler
argument_factory.py:139 — ArgumentFactory - MainThread - csv_handler() — INFO — ArgumentFactory - csv_handler
argument_factory.py:139 — ArgumentFactory - MainThread - csv_handler() — INFO — ArgumentFactory - csv_handler
argument_factory.py:165 — ArgumentFactory - MainThread - csv_handler() — ERROR — Error Occured
argument_factory.py:165 — ArgumentFactory - MainThread - csv_handler() — ERROR — Error Occured
argument_factory.py:165 — ArgumentFactory - MainThread - csv_handler() — ERROR — Error Occured
manager.py:32 — CommandManager - init - MainThread - run() — INFO — Documents converted
manager.py:32 — CommandManager - init - MainThread - run() — INFO — Documents converted
argument_factory.py:73 — ArgumentFactory - MainThread - pdfminer_handler() — ERROR — File Failed to Open
argument_factory.py:73 — ArgumentFactory - MainThread - pdfminer_handler() — ERROR — File Failed to Open
argument_factory.py:139 — ArgumentFactory - MainThread - csv_handler() — INFO — ArgumentFactory - csv_handler
argument_factory.py:139 — ArgumentFactory - MainThread - csv_handler() — INFO — ArgumentFactory - csv_handler
argument_factory.py:139 — ArgumentFactory - MainThread - csv_handler() — INFO — ArgumentFactory - csv_handler
argument_factory.py:165 — ArgumentFactory - MainThread - csv_handler() — ERROR — Error Occured
argument_factory.py:165 — ArgumentFactory - MainThread - csv_handler() — ERROR — Error Occured
argument_factory.py:165 — ArgumentFactory - MainThread - csv_handler() — ERROR — Error Occured
manager.py:32 — CommandManager - init - MainThread - run() — INFO — Documents converted
manager.py:32 — CommandManager - init - MainThread - run() — INFO — Documents converted
